This is LuaTeX, Version beta-0.79.1 (TeX Live 2015/dev/Debian) (rev 4971)  (format=luatex 2016.7.24)  29 OCT 2016 12:54
 restricted \write18 enabled.
**conditor.tex
(./conditor.tex
! Undefined control sequence.
l.2 \beginhymn
             Conditor alme siderum.
? 
! Undefined control sequence.
l.4 \setgregorian
               1
? 
! Undefined control sequence.
l.5 \setclefsymbol
                1\gregorianFclef
? 
! Undefined control sequence.
l.5 \setclefsymbol1\gregorianFclef
                                
? x
No pages of output.

PDF statistics: 0 PDF objects out of 1000 (max. 8388607)
 0 named destinations out of 1000 (max. 131072)
 1 words of extra memory for PDF output out of 10000 (max. 10000000)

