This is LuaTeX, Version beta-0.79.1 (TeX Live 2015/dev/Debian) (rev 4971)  (format=lualatex 2016.7.24)  22 OCT 2016 09:43
 restricted \write18 enabled.
**diesirae
(./diesirae.tex
LaTeX2e <2014/05/01>
Babel <3.9l> and hyphenation patterns for 27 languages loaded.
(/usr/share/texlive/texmf-dist/tex/latex/base/article.cls
Document Class: article 2014/09/29 v1.4h Standard LaTeX document class
(/usr/share/texlive/texmf-dist/tex/latex/base/size12.clo
File: size12.clo 2014/09/29 v1.4h Standard LaTeX file (size option)
)
\c@part=\count79
\c@section=\count80
\c@subsection=\count81
\c@subsubsection=\count82
\c@paragraph=\count83
\c@subparagraph=\count84
\c@figure=\count85
\c@table=\count86
\abovecaptionskip=\skip41
\belowcaptionskip=\skip42
\bibindent=\dimen102
)
(/usr/share/texlive/texmf-dist/tex/latex/crossword/cwpuzzle.sty
Package: cwpuzzle 2014/01/12 1.9 for typesetting crossword puzzles and more. 
Package: cwpuzzle 2014/01/12gene
(/usr/share/texlive/texmf-dist/tex/latex/amsfonts/amssymb.sty
Package: amssymb 2013/01/14 v3.01 AMS font symbols

(/usr/share/texlive/texmf-dist/tex/latex/amsfonts/amsfonts.sty
Package: amsfonts 2013/01/14 v3.01 Basic AMSFonts support
\@emptytoks=\toks14
\symAMSa=\mathgroup4
\symAMSb=\mathgroup5
LaTeX Font Info:    Overwriting math alphabet `\mathfrak' in version `bold'
(Font)                  U/euf/m/n --> U/euf/b/n on input line 106.
))
\PuzzleUnitlength=\dimen103
\Puzzle@X=\count87
\Puzzle@Y=\count88
)
(/usr/share/texlive/texmf-dist/tex/latex/preprint/fullpage.sty
Package: fullpage 1999/02/23 1.1 (PWD)
\FP@margin=\skip43
)
(/usr/share/texlive/texmf-dist/tex/latex/libertine/libertine.sty
Package: libertine 2014/02/19 (Bob Tennent) Supports Libertine and Biolinum font
s for all LaTeX engines.

(/usr/share/texlive/texmf-dist/tex/generic/ifxetex/ifxetex.sty
Package: ifxetex 2010/09/12 v0.6 Provides ifxetex conditional
)
(/usr/share/texlive/texmf-dist/tex/generic/oberdiek/ifluatex.sty
Package: ifluatex 2010/03/01 v1.3 Provides the ifluatex switch (HO)
Package ifluatex Info: LuaTeX detected.
)
(/usr/share/texlive/texmf-dist/tex/latex/xkeyval/xkeyval.sty
Package: xkeyval 2014/05/25 v2.7 package option processing (HA)

(/usr/share/texlive/texmf-dist/tex/generic/xkeyval/xkeyval.tex
(/usr/share/texlive/texmf-dist/tex/generic/xkeyval/xkvutils.tex
\XKV@toks=\toks15
\XKV@tempa@toks=\toks16

(/usr/share/texlive/texmf-dist/tex/generic/xkeyval/keyval.tex))
\XKV@depth=\count89
File: xkeyval.tex 2014/05/25 v2.7 key=value parser (HA)
))
(/usr/share/texlive/texmf-dist/tex/latex/base/textcomp.sty
Package: textcomp 2005/09/27 v1.99g Standard LaTeX package
Package textcomp Info: Sub-encoding information:
(textcomp)               5 = only ISO-Adobe without \textcurrency
(textcomp)               4 = 5 + \texteuro
(textcomp)               3 = 4 + \textohm
(textcomp)               2 = 3 + \textestimated + \textcurrency
(textcomp)               1 = TS1 - \textcircled - \t
(textcomp)               0 = TS1 (full)
(textcomp)             Font families with sub-encoding setting implement
(textcomp)             only a restricted character set as indicated.
(textcomp)             Family '?' is the default used for unknown fonts.
(textcomp)             See the documentation for details.
Package textcomp Info: Setting ? sub-encoding to TS1/1 on input line 71.

(/usr/share/texlive/texmf-dist/tex/latex/base/ts1enc.def
File: ts1enc.def 2001/06/05 v3.0e (jk/car/fm) Standard LaTeX file
)
LaTeX Info: Redefining \oldstylenums on input line 266.
Package textcomp Info: Setting cmr sub-encoding to TS1/0 on input line 281.
Package textcomp Info: Setting cmss sub-encoding to TS1/0 on input line 282.
Package textcomp Info: Setting cmtt sub-encoding to TS1/0 on input line 283.
Package textcomp Info: Setting cmvtt sub-encoding to TS1/0 on input line 284.
Package textcomp Info: Setting cmbr sub-encoding to TS1/0 on input line 285.
Package textcomp Info: Setting cmtl sub-encoding to TS1/0 on input line 286.
Package textcomp Info: Setting ccr sub-encoding to TS1/0 on input line 287.
Package textcomp Info: Setting ptm sub-encoding to TS1/4 on input line 288.
Package textcomp Info: Setting pcr sub-encoding to TS1/4 on input line 289.
Package textcomp Info: Setting phv sub-encoding to TS1/4 on input line 290.
Package textcomp Info: Setting ppl sub-encoding to TS1/3 on input line 291.
Package textcomp Info: Setting pag sub-encoding to TS1/4 on input line 292.
Package textcomp Info: Setting pbk sub-encoding to TS1/4 on input line 293.
Package textcomp Info: Setting pnc sub-encoding to TS1/4 on input line 294.
Package textcomp Info: Setting pzc sub-encoding to TS1/4 on input line 295.
Package textcomp Info: Setting bch sub-encoding to TS1/4 on input line 296.
Package textcomp Info: Setting put sub-encoding to TS1/5 on input line 297.
Package textcomp Info: Setting uag sub-encoding to TS1/5 on input line 298.
Package textcomp Info: Setting ugq sub-encoding to TS1/5 on input line 299.
Package textcomp Info: Setting ul8 sub-encoding to TS1/4 on input line 300.
Package textcomp Info: Setting ul9 sub-encoding to TS1/4 on input line 301.
Package textcomp Info: Setting augie sub-encoding to TS1/5 on input line 302.
Package textcomp Info: Setting dayrom sub-encoding to TS1/3 on input line 303.
Package textcomp Info: Setting dayroms sub-encoding to TS1/3 on input line 304.
Package textcomp Info: Setting pxr sub-encoding to TS1/0 on input line 305.
Package textcomp Info: Setting pxss sub-encoding to TS1/0 on input line 306.
Package textcomp Info: Setting pxtt sub-encoding to TS1/0 on input line 307.
Package textcomp Info: Setting txr sub-encoding to TS1/0 on input line 308.
Package textcomp Info: Setting txss sub-encoding to TS1/0 on input line 309.
Package textcomp Info: Setting txtt sub-encoding to TS1/0 on input line 310.
Package textcomp Info: Setting lmr sub-encoding to TS1/0 on input line 311.
Package textcomp Info: Setting lmdh sub-encoding to TS1/0 on input line 312.
Package textcomp Info: Setting lmss sub-encoding to TS1/0 on input line 313.
Package textcomp Info: Setting lmssq sub-encoding to TS1/0 on input line 314.
Package textcomp Info: Setting lmvtt sub-encoding to TS1/0 on input line 315.
Package textcomp Info: Setting qhv sub-encoding to TS1/0 on input line 316.
Package textcomp Info: Setting qag sub-encoding to TS1/0 on input line 317.
Package textcomp Info: Setting qbk sub-encoding to TS1/0 on input line 318.
Package textcomp Info: Setting qcr sub-encoding to TS1/0 on input line 319.
Package textcomp Info: Setting qcs sub-encoding to TS1/0 on input line 320.
Package textcomp Info: Setting qpl sub-encoding to TS1/0 on input line 321.
Package textcomp Info: Setting qtm sub-encoding to TS1/0 on input line 322.
Package textcomp Info: Setting qzc sub-encoding to TS1/0 on input line 323.
Package textcomp Info: Setting qhvc sub-encoding to TS1/0 on input line 324.
Package textcomp Info: Setting futs sub-encoding to TS1/4 on input line 325.
Package textcomp Info: Setting futx sub-encoding to TS1/4 on input line 326.
Package textcomp Info: Setting futj sub-encoding to TS1/4 on input line 327.
Package textcomp Info: Setting hlh sub-encoding to TS1/3 on input line 328.
Package textcomp Info: Setting hls sub-encoding to TS1/3 on input line 329.
Package textcomp Info: Setting hlst sub-encoding to TS1/3 on input line 330.
Package textcomp Info: Setting hlct sub-encoding to TS1/5 on input line 331.
Package textcomp Info: Setting hlx sub-encoding to TS1/5 on input line 332.
Package textcomp Info: Setting hlce sub-encoding to TS1/5 on input line 333.
Package textcomp Info: Setting hlcn sub-encoding to TS1/5 on input line 334.
Package textcomp Info: Setting hlcw sub-encoding to TS1/5 on input line 335.
Package textcomp Info: Setting hlcf sub-encoding to TS1/5 on input line 336.
Package textcomp Info: Setting pplx sub-encoding to TS1/3 on input line 337.
Package textcomp Info: Setting pplj sub-encoding to TS1/3 on input line 338.
Package textcomp Info: Setting ptmx sub-encoding to TS1/4 on input line 339.
Package textcomp Info: Setting ptmj sub-encoding to TS1/4 on input line 340.
)
(/usr/share/texlive/texmf-dist/tex/latex/fontspec/fontspec.sty
Package: fontspec 2014/06/21 v2.4a Font selection for XeLaTeX and LuaLaTeX

(/usr/share/texlive/texmf-dist/tex/latex/l3kernel/expl3.sty
Package: expl3 2014/09/15 v5423 L3 programming layer (loader) 

(/usr/share/texlive/texmf-dist/tex/latex/l3kernel/expl3-code.tex
Package: expl3 2014/09/15 v5423 L3 programming layer (code) 
L3 Module: l3bootstrap 2014/08/23 v5354 L3 Bootstrap code

(/usr/share/texlive/texmf-dist/tex/latex/etex-pkg/etex.sty
Package: etex 1998/03/26 v2.0 eTeX basic definition package (PEB)
\et@xins=\count90
)
L3 Module: l3names 2014/08/22 v5343 L3 Namespace for primitives
L3 Module: l3basics 2014/08/24 v5364 L3 Basic definitions
L3 Module: l3expan 2014/08/22 v5349 L3 Argument expansion
L3 Module: l3tl 2014/08/24 v5359 L3 Token lists
L3 Module: l3str 2014/08/24 v5368 L3 Strings
L3 Module: l3seq 2014/08/23 v5354 L3 Sequences and stacks
L3 Module: l3int 2014/09/14 v5421 L3 Integers
\c_max_int=\count91
\l_tmpa_int=\count92
\l_tmpb_int=\count93
\g_tmpa_int=\count94
\g_tmpb_int=\count95
L3 Module: l3quark 2014/08/23 v5354 L3 Quarks
L3 Module: l3prg 2014/08/23 v5354 L3 Control structures
\g__prg_map_int=\count96
L3 Module: l3clist 2014/08/23 v5354 L3 Comma separated lists
L3 Module: l3token 2014/09/15 v5422 L3 Experimental token manipulation
L3 Module: l3prop 2014/08/23 v5354 L3 Property lists
L3 Module: l3msg 2014/08/24 v5358 L3 Messages
L3 Module: l3file 2014/08/24 v5369 L3 File and I/O operations
\l_iow_line_count_int=\count97
\l__iow_target_count_int=\count98
\l__iow_current_line_int=\count99
\l__iow_current_word_int=\count100
\l__iow_current_indentation_int=\count101
L3 Module: l3skip 2014/08/23 v5354 L3 Dimensions and skips
\c_zero_dim=\dimen104
\c_max_dim=\dimen105
\l_tmpa_dim=\dimen106
\l_tmpb_dim=\dimen107
\g_tmpa_dim=\dimen108
\g_tmpb_dim=\dimen109
\c_zero_skip=\skip44
\c_max_skip=\skip45
\l_tmpa_skip=\skip46
\l_tmpb_skip=\skip47
\g_tmpa_skip=\skip48
\g_tmpb_skip=\skip49
\c_zero_muskip=\muskip10
\c_max_muskip=\muskip11
\l_tmpa_muskip=\muskip12
\l_tmpb_muskip=\muskip13
\g_tmpa_muskip=\muskip14
\g_tmpb_muskip=\muskip15
L3 Module: l3keys 2014/08/23 v5354 L3 Key-value interfaces
\g__keyval_level_int=\count102
\l_keys_choice_int=\count103
L3 Module: l3fp 2014/08/22 v5336 L3 Floating points
\c__fp_leading_shift_int=\count104
\c__fp_middle_shift_int=\count105
\c__fp_trailing_shift_int=\count106
\c__fp_big_leading_shift_int=\count107
\c__fp_big_middle_shift_int=\count108
\c__fp_big_trailing_shift_int=\count109
\c__fp_Bigg_leading_shift_int=\count110
\c__fp_Bigg_middle_shift_int=\count111
\c__fp_Bigg_trailing_shift_int=\count112
L3 Module: l3box 2014/08/23 v5354 L3 Experimental boxes
\c_empty_box=\box26
\l_tmpa_box=\box27
\l_tmpb_box=\box28
\g_tmpa_box=\box29
\g_tmpb_box=\box30
L3 Module: l3coffins 2014/08/23 v5354 L3 Coffin code layer
\l__coffin_internal_box=\box31
\l__coffin_internal_dim=\dimen110
\l__coffin_offset_x_dim=\dimen111
\l__coffin_offset_y_dim=\dimen112
\l__coffin_x_dim=\dimen113
\l__coffin_y_dim=\dimen114
\l__coffin_x_prime_dim=\dimen115
\l__coffin_y_prime_dim=\dimen116
\c_empty_coffin=\box32
\l__coffin_aligned_coffin=\box33
\l__coffin_aligned_internal_coffin=\box34
\l_tmpa_coffin=\box35
\l_tmpb_coffin=\box36
\l__coffin_display_coffin=\box37
\l__coffin_display_coord_coffin=\box38
\l__coffin_display_pole_coffin=\box39
\l__coffin_display_offset_dim=\dimen117
\l__coffin_display_x_dim=\dimen118
\l__coffin_display_y_dim=\dimen119
L3 Module: l3color 2014/08/23 v5354 L3 Experimental color support
L3 Module: l3candidates 2014/08/24 v5366 L3 Experimental additions to l3kernel
\l__box_top_dim=\dimen120
\l__box_bottom_dim=\dimen121
\l__box_left_dim=\dimen122
\l__box_right_dim=\dimen123
\l__box_top_new_dim=\dimen124
\l__box_bottom_new_dim=\dimen125
\l__box_left_new_dim=\dimen126
\l__box_right_new_dim=\dimen127
\l__box_internal_box=\box40
\l__coffin_bounding_shift_dim=\dimen128
\l__coffin_left_corner_dim=\dimen129
\l__coffin_right_corner_dim=\dimen130
\l__coffin_bottom_corner_dim=\dimen131
\l__coffin_top_corner_dim=\dimen132
\l__coffin_scaled_total_height_dim=\dimen133
\l__coffin_scaled_width_dim=\dimen134
)
(/usr/share/texlive/texmf-dist/tex/latex/l3kernel/l3unicode-data.def
File: l3unicode-data.def 2014/08/12 v5276 L3 Unicode data
)
(/usr/share/texlive/texmf-dist/tex/latex/l3kernel/l3pdfmode.def
File: l3pdfmode.def 2014/08/24 v5366 L3 Experimental driver: PDF mode
\l__driver_color_stack_int=\count113
))
(/usr/share/texlive/texmf-dist/tex/latex/l3packages/xparse/xparse.sty
Package: xparse 2014/09/15 v5423 L3 Experimental document command parser
\l__xparse_current_arg_int=\count114
\l__xparse_m_args_int=\count115
\l__xparse_mandatory_args_int=\count116
\l__xparse_processor_int=\count117
\l__xparse_v_nesting_int=\count118
)
(/usr/share/texlive/texmf-dist/tex/luatex/luaotfload/luaotfload.sty
Package: luaotfload 2014/08/10 v2.5-4 OpenType layout system

(/usr/share/texlive/texmf-dist/tex/luatex/luatexbase/luatexbase.sty
Package: luatexbase 2013/05/11 v0.6 Resource management for the LuaTeX macro pro
grammer

(/usr/share/texlive/texmf-dist/tex/generic/oberdiek/luatex.sty
Package: luatex 2010/03/09 v0.4 LuaTeX basic definition package (HO)

(/usr/share/texlive/texmf-dist/tex/generic/oberdiek/infwarerr.sty
Package: infwarerr 2010/04/08 v1.3 Providing info/warning/error messages (HO)
)
\LuT@AllocAttribute=\count277
\LuT@AllocCatcodeTable=\count278
\CatcodeTableStack=\count279
\CatcodeTableIniTeX=\catcodetable1
\CatcodeTableString=\catcodetable3
\CatcodeTableOther=\catcodetable5
\CatcodeTableLaTeX=\catcodetable7

(/usr/share/texlive/texmf-dist/tex/generic/oberdiek/luatex-loader.sty
Package: luatex-loader 2010/03/09 v0.4 Lua module loader (HO)

(/usr/share/texlive/texmf-dist/scripts/oberdiek/oberdiek.luatex.lua)))
(/usr/share/texlive/texmf-dist/tex/luatex/luatexbase/luatexbase-compat.sty
Package: luatexbase-compat 2011/05/24 v0.4 Compatibility tools for LuaTeX
)
(/usr/share/texlive/texmf-dist/tex/luatex/luatexbase/luatexbase-modutils.sty
Package: luatexbase-modutils 2013/05/11 v0.6 Module utilities for LuaTeX

(/usr/share/texlive/texmf-dist/tex/luatex/luatexbase/luatexbase-loader.sty
Package: luatexbase-loader 2013/05/11 v0.6 Lua module loader for LuaTeX

(/usr/share/texlive/texmf-dist/tex/luatex/luatexbase/luatexbase.loader.lua))
(/usr/share/texlive/texmf-dist/tex/luatex/luatexbase/modutils.lua)
Lua module: luatexbase-modutils 2013/05/11 0.6 Module utilities for LuaTeX
)
(/usr/share/texlive/texmf-dist/tex/luatex/luatexbase/luatexbase-regs.sty
Package: luatexbase-regs 2011/05/24 v0.4 Registers allocation for LuaTeX
)
(/usr/share/texlive/texmf-dist/tex/luatex/luatexbase/luatexbase-attr.sty
Package: luatexbase-attr 2013/05/11 v0.6 Attributes allocation for LuaTeX

(/usr/share/texlive/texmf-dist/tex/luatex/luatexbase/attr.lua)
Lua module: luatexbase-attr 2013/05/11 0.6 Attributes allocation for LuaTeX
\lltxb@attr@unsetvalue=\count280
)
(/usr/share/texlive/texmf-dist/tex/luatex/luatexbase/luatexbase-cctb.sty
Package: luatexbase-cctb 2013/05/11 v0.6 Catcodetable allocation for LuaTeX

(/usr/share/texlive/texmf-dist/tex/luatex/luatexbase/cctb.lua)
Lua module: luatexbase-cctb 2013/05/11 0.6 Catcodetable allocation for LuaTeX
\lltxb@catcodetable@alloc=\count281
\CatcodeTableStack=\count282
\CatcodeTableIniTeX=\luatexcatcodetable1
\CatcodeTableString=\luatexcatcodetable3
\CatcodeTableOther=\luatexcatcodetable5
\CatcodeTableLaTeX=\luatexcatcodetable7
\CatcodeTableLaTeXAtLetter=\luatexcatcodetable9
\CatcodeTableExpl=\luatexcatcodetable11
)
(/usr/share/texlive/texmf-dist/tex/luatex/luatexbase/luatexbase-mcb.sty
Package: luatexbase-mcb 2013/05/11 v0.6 Callback management for LuaTeX

(/usr/share/texlive/texmf-dist/tex/luatex/luatexbase/mcb.lua)
Lua module: luatexbase-mcb 2013/05/11 0.6 register several functions in a callba
ck
))
(/usr/share/texlive/texmf-dist/tex/luatex/luaotfload/luaotfload-main.lua)
Lua module: luaotfload-main 2014/08/10 2.50003 OpenType layout system.

(/usr/share/texlive/texmf-dist/tex/luatex/luaotfload/luaotfload-log.lua)
(/usr/share/texlive/texmf-dist/tex/luatex/luaotfload/luaotfload-fontloader.lua)(
using write cache: /home/veronica/.texmf-var/luatex-cache/generic)(using read ca
che: /var/lib/texmf/luatex-cache/generic /home/veronica/.texmf-var/luatex-cache/
generic)
luatexbase-attr: luatexbase.attributes["luaotfload@kernpair"] = 1
luatexbase-attr: luatexbase.attributes["luaotfload@ligacomp"] = 2
luatexbase-attr: luatexbase.attributes["luaotfload@markbase"] = 3
luatexbase-attr: luatexbase.attributes["luaotfload@markmark"] = 4
luatexbase-attr: luatexbase.attributes["luaotfload@markdone"] = 5
luatexbase-attr: luatexbase.attributes["luaotfload@cursbase"] = 6
luatexbase-attr: luatexbase.attributes["luaotfload@curscurs"] = 7
luatexbase-attr: luatexbase.attributes["luaotfload@cursdone"] = 8
luatexbase-attr: luatexbase.attributes["luaotfload@state"] = 9
luaotfload | main : fontloader loaded in 0.114 seconds
luatexbase-mcb: inserting 'luaotfload.node_processor'
at position 1 in 'pre_linebreak_filter'
luatexbase-mcb: inserting 'luaotfload.node_processor'
at position 1 in 'hpack_filter'
luatexbase-mcb: inserting 'luaotfload.find_vf_file'
at position 1 in 'find_vf_file'
(/usr/share/texlive/texmf-dist/tex/luatex/luaotfload/luaotfload-override.lua)
(/usr/share/texlive/texmf-dist/tex/luatex/luaotfload/luaotfload-parsers.lua)
(/usr/share/texlive/texmf-dist/tex/luatex/luaotfload/luaotfload-configuration.lu
a)
(/usr/share/texlive/texmf-dist/tex/luatex/luaotfload/luaotfload-status.lua)
luaotfload | conf : Root cache directory is /home/veronica/.texmf-var/luatex-cac
he/generic/names.
(/usr/share/texlive/texmf-dist/tex/luatex/luaotfload/luaotfload-loaders.lua)
(/usr/share/texlive/texmf-dist/tex/luatex/luaotfload/luaotfload-database.lua)
(/usr/share/texlive/texmf-dist/tex/luatex/luaotfload/luaotfload-colors.lua)
luaotfload | conf : Root cache directory is /home/veronica/.texmf-var/luatex-cac
he/generic/names.
luatexbase-mcb: creating 'luaotfload.resolve_font' type 4
luatexbase-mcb: creating 'luaotfload.patch_font' type 4
luatexbase-mcb: resetting callback 'define_font'
luatexbase-mcb: inserting 'luaotfload.define_font'
at position 1 in 'define_font'
(/usr/share/texlive/texmf-dist/tex/luatex/luaotfload/luaotfload-features.lua)
(/usr/share/texlive/texmf-dist/tex/luatex/luaotfload/luaotfload-letterspace.lua)
(/usr/share/texlive/texmf-dist/tex/luatex/luaotfload/luaotfload-auxiliary.lua)
luatexbase-mcb: inserting 'luaotfload.aux.set_sscale_dimens'
at position 1 in 'luaotfload.patch_font'
luatexbase-mcb: inserting 'luaotfload.aux.patch_cambria_domh'
at position 2 in 'luaotfload.patch_font'
luatexbase-mcb: inserting 'luaotfload.aux.set_capheight'
at position 3 in 'luaotfload.patch_font'
luatexbase-mcb: inserting 'luaotfload.rewrite_fontname'
at position 4 in 'luaotfload.patch_font')
(/usr/share/texlive/texmf-dist/tex/latex/fontspec/fontspec.lua)
Lua module: fontspec 2013/05/20 2.3c Advanced font selection for LuaLaTeX.
\l_fontspec_script_int=\count283
\l_fontspec_language_int=\count284
\l_fontspec_strnum_int=\count285
\l__fontspec_tmpa_dim=\dimen256
\l__fontspec_tmpb_dim=\dimen257
\l__fontspec_tmpc_dim=\dimen258
Variant \tl_gset:cV already defined; not changing it on line 71

(/usr/share/texlive/texmf-dist/tex/latex/fontspec/fontspec-patches.sty
Package: fontspec-patches 2014/06/21 v2.4a Font selection for XeLaTeX and LuaLaT
eX
LaTeX Info: Redefining \em on input line 38.
LaTeX Info: Redefining \emph on input line 46.
LaTeX Info: Redefining \- on input line 49.
.................................................
. LaTeX info: "xparse/redefine-command"
. 
. Redefining command \oldstylenums with sig. 'm' on line 144.
.................................................
.................................................
. LaTeX info: "xparse/define-command"
. 
. Defining command \liningnums with sig. 'm' on line 148.
.................................................
)
(/usr/share/texlive/texmf-dist/tex/latex/fontspec/fontspec-luatex.sty
Package: fontspec-luatex 2014/06/21 v2.4a Font selection for XeLaTeX and LuaLaTe
X

(/usr/share/texlive/texmf-dist/tex/latex/base/fontenc.sty
Package: fontenc 2005/09/27 v1.99g Standard LaTeX package

(/usr/share/texlive/texmf-dist/tex/latex/euenc/eu2enc.def
File: eu2enc.def 2010/05/27 v0.1h Experimental Unicode font encodings
)
LaTeX Font Info:    Try loading font information for EU2+lmr on input line 100.

(/usr/share/texlive/texmf-dist/tex/latex/euenc/eu2lmr.fd
File: eu2lmr.fd 2009/10/30 v1.6 Font defs for Latin Modern
)
luaotfload | db : Font names database loaded from /home/veronica/.texmf-var/luat
ex-cache/generic/names/luaotfload-names.luc(compiling luc: /var/lib/texmf/luatex
-cache/generic/fonts/otf/lmroman10-regular.luc)(load luc: /home/veronica/.texmf-
var/luatex-cache/generic/fonts/otf/lmroman10-regular.luc))
(/usr/share/texlive/texmf-dist/tex/xelatex/xunicode/xunicode.sty
File: xunicode.sty 2011/09/09 v0.981 provides access to latin accents and many o
ther characters in Unicode lower plane

(/usr/share/texmf/tex/latex/tipa/t3enc.def
File: t3enc.def 2001/12/31 T3 encoding
(compiling luc: /var/lib/texmf/luatex-cache/generic/fonts/otf/lmromanslant10-reg
ular.luc)(load luc: /home/veronica/.texmf-var/luatex-cache/generic/fonts/otf/lmr
omanslant10-regular.luc)(compiling luc: /var/lib/texmf/luatex-cache/generic/font
s/otf/lmroman10-italic.luc)(load luc: /home/veronica/.texmf-var/luatex-cache/gen
eric/fonts/otf/lmroman10-italic.luc)(compiling luc: /var/lib/texmf/luatex-cache/
generic/fonts/otf/lmroman10-bold.luc)(load luc: /home/veronica/.texmf-var/luatex
-cache/generic/fonts/otf/lmroman10-bold.luc)
LaTeX Font Info:    Try loading font information for EU2+lmss on input line 357.

 (/usr/share/texlive/texmf-dist/tex/latex/euenc/eu2lmss.fd
File: eu2lmss.fd 2009/10/30 v1.6 Font defs for Latin Modern
)(compiling luc: /var/lib/texmf/luatex-cache/generic/fonts/otf/lmsans10-regular.
luc)(load luc: /home/veronica/.texmf-var/luatex-cache/generic/fonts/otf/lmsans10
-regular.luc))
\tipaTiiicode=\count286
\tipasavetokens=\toks17
\tipachecktokens=\toks18

(/usr/share/texlive/texmf-dist/tex/latex/graphics/graphicx.sty
Package: graphicx 2014/04/25 v1.0g Enhanced LaTeX Graphics (DPC,SPQR)

(/usr/share/texlive/texmf-dist/tex/latex/graphics/graphics.sty
Package: graphics 2009/02/05 v1.0o Standard LaTeX Graphics (DPC,SPQR)

(/usr/share/texlive/texmf-dist/tex/latex/graphics/trig.sty
Package: trig 1999/03/16 v1.09 sin cos tan (DPC)
)
(/usr/share/texlive/texmf-dist/tex/latex/latexconfig/graphics.cfg
File: graphics.cfg 2010/04/23 v1.9 graphics configuration of TeX Live
)
Package graphics Info: Driver file: pdftex.def on input line 91.

(/usr/share/texlive/texmf-dist/tex/latex/pdftex-def/pdftex.def
File: pdftex.def 2011/05/27 v0.06d Graphics/color for pdfTeX

(/usr/share/texlive/texmf-dist/tex/generic/oberdiek/ltxcmds.sty
Package: ltxcmds 2011/11/09 v1.22 LaTeX kernel commands for general use (HO)
)
(/usr/share/texlive/texmf-dist/tex/generic/oberdiek/pdftexcmds.sty
Package: pdftexcmds 2011/11/29 v0.20 Utility functions of pdfTeX for LuaTeX (HO)


(/usr/share/texlive/texmf-dist/tex/generic/oberdiek/ifpdf.sty
Package: ifpdf 2011/01/30 v2.3 Provides the ifpdf switch (HO)
Package ifpdf Info: pdfTeX in PDF mode is detected.
)
Package pdftexcmds Info: \pdf@primitive is available.
Package pdftexcmds Info: \pdf@ifprimitive is available.
Package pdftexcmds Info: \pdfdraftmode found.

(/usr/share/texlive/texmf-dist/scripts/oberdiek/pdftexcmds.lua)
\pdftexcmds@toks=\toks19
)
\Gread@gobject=\count287
))
\Gin@req@height=\dimen259
\Gin@req@width=\dimen260
))
.................................................
. LaTeX info: "xparse/define-command"
. 
. Defining command \fontspec with sig. 'O{}mO{}' on line 44.
.................................................
.................................................
. LaTeX info: "xparse/define-command"
. 
. Defining command \setmainfont with sig. 'O{}mO{}' on line 50.
.................................................
.................................................
. LaTeX info: "xparse/define-command"
. 
. Defining command \setsansfont with sig. 'O{}mO{}' on line 56.
.................................................
.................................................
. LaTeX info: "xparse/define-command"
. 
. Defining command \setmonofont with sig. 'O{}mO{}' on line 62.
.................................................
.................................................
. LaTeX info: "xparse/define-command"
. 
. Defining command \setmathrm with sig. 'O{}mO{}' on line 71.
.................................................
.................................................
. LaTeX info: "xparse/define-command"
. 
. Defining command \setboldmathrm with sig. 'O{}mO{}' on line 75.
.................................................
.................................................
. LaTeX info: "xparse/define-command"
. 
. Defining command \setmathsf with sig. 'O{}mO{}' on line 79.
.................................................
.................................................
. LaTeX info: "xparse/define-command"
. 
. Defining command \setmathtt with sig. 'O{}mO{}' on line 83.
.................................................
.................................................
. LaTeX info: "xparse/define-command"
. 
. Defining command \newfontfamily with sig. 'mO{}mO{}' on line 102.
.................................................
.................................................
. LaTeX info: "xparse/define-command"
. 
. Defining command \newfontface with sig. 'mO{}mO{}' on line 106.
.................................................
.................................................
. LaTeX info: "xparse/define-command"
. 
. Defining command \defaultfontfeatures with sig. 't+om' on line 115.
.................................................
.................................................
. LaTeX info: "xparse/define-command"
. 
. Defining command \addfontfeatures with sig. 'm' on line 173.
.................................................
.................................................
. LaTeX info: "xparse/define-command"
. 
. Defining command \newfontfeature with sig. 'mm' on line 184.
.................................................
.................................................
. LaTeX info: "xparse/define-command"
. 
. Defining command \newAATfeature with sig. 'mmmm' on line 192.
.................................................
.................................................
. LaTeX info: "xparse/define-command"
. 
. Defining command \newopentypefeature with sig. 'mmm' on line 200.
.................................................
.................................................
. LaTeX info: "xparse/define-command"
. 
. Defining command \aliasfontfeature with sig. 'mm' on line 229.
.................................................
.................................................
. LaTeX info: "xparse/define-command"
. 
. Defining command \aliasfontfeatureoption with sig. 'mmm' on line 231.
.................................................
.................................................
. LaTeX info: "xparse/define-command"
. 
. Defining command \newfontscript with sig. 'mm' on line 236.
.................................................
.................................................
. LaTeX info: "xparse/define-command"
. 
. Defining command \newfontlanguage with sig. 'mm' on line 262.
.................................................
.................................................
. LaTeX info: "xparse/define-command"
. 
. Defining command \DeclareFontsExtensions with sig. 'm' on line 282.
.................................................
Variant \prop_gput:cnV already defined; not changing it on line 666
Variant \prop_gput:cnx already defined; not changing it on line 667
\l__fontspec_tmp_int=\count288
LaTeX Info: Redefining \itshape on input line 2117.
LaTeX Info: Redefining \slshape on input line 2122.
LaTeX Info: Redefining \scshape on input line 2127.
LaTeX Info: Redefining \upshape on input line 2132.

(/usr/share/texlive/texmf-dist/tex/latex/fontspec/fontspec.cfg)))
\g__file_internal_ior=\read1
luaotfload | load : path lookup of "LinLibertine_R.otf" unsuccessful, falling ba
ck to file:(compiling luc: /var/lib/texmf/luatex-cache/generic/fonts/otf/linlibe
rtine-r.luc)(load luc: /home/veronica/.texmf-var/luatex-cache/generic/fonts/otf/
linlibertine-r.luc)
luaotfload | load : path lookup of "LinLibertine_R.otf" unsuccessful, falling ba
ck to file:
\g__fontspec_family_LinLibertine_int=\count289
luaotfload | load : path lookup of "LinLibertine_R.otf" unsuccessful, falling ba
ck to file:
luaotfload | load : path lookup of "LinLibertine_R.otf" unsuccessful, falling ba
ck to file:(compiling luc: /var/lib/texmf/luatex-cache/generic/fonts/otf/lmroman
12-regular.luc)(load luc: /home/veronica/.texmf-var/luatex-cache/generic/fonts/o
tf/lmroman12-regular.luc)
luaotfload | load : path lookup of "LinLibertine_RB.otf" unsuccessful, falling b
ack to file:(compiling luc: /var/lib/texmf/luatex-cache/generic/fonts/otf/linlib
ertine-rb.luc)(load luc: /home/veronica/.texmf-var/luatex-cache/generic/fonts/ot
f/linlibertine-rb.luc)
luaotfload | load : path lookup of "LinLibertine_RB.otf" unsuccessful, falling b
ack to file:
luaotfload | load : path lookup of "LinLibertine_RI.otf" unsuccessful, falling b
ack to file:(compiling luc: /var/lib/texmf/luatex-cache/generic/fonts/otf/linlib
ertine-ri.luc)(load luc: /home/veronica/.texmf-var/luatex-cache/generic/fonts/ot
f/linlibertine-ri.luc)
luaotfload | load : path lookup of "LinLibertine_RI.otf" unsuccessful, falling b
ack to file:
luaotfload | load : path lookup of "LinLibertine_RBI.otf" unsuccessful, falling 
back to file:(compiling luc: /var/lib/texmf/luatex-cache/generic/fonts/otf/linli
bertine-rbi.luc)(load luc: /home/veronica/.texmf-var/luatex-cache/generic/fonts/
otf/linlibertine-rbi.luc)
luaotfload | load : path lookup of "LinLibertine_RBI.otf" unsuccessful, falling 
back to file:
.................................................
. fontspec info: "defining-font"
. 
. Font family 'LinLibertine(0)' created for font 'LinLibertine' with options
. [Ligatures = TeX,Extension =
. .otf,SmallCapsFeatures={Letters=SmallCaps},Ligatures=TeX,Numbers =
. {Monospaced,Lining},UprightFont = *_R,ItalicFont = *_RI,BoldFont =
. *_RB,BoldItalicFont = *_RBI].
. 
. This font family consists of the following shapes:
. 
. * 'normal' with NFSS spec.:
. 
. <->"[LinLibertine_R.otf]:mode=node;script=latn;language=DFLT;+tlig;+trep;+tlig
;+trep;+tnum;+lnum;"
. 
. * 'small caps' with NFSS spec.:
. 
. <->"[LinLibertine_R.otf]:mode=node;script=latn;language=DFLT;+tlig;+trep;+tlig
;+trep;+tnum;+lnum;+smcp;+smcp;"
. and font adjustment code:
. 
. 
. * 'bold' with NFSS spec.:
. 
. <->"[LinLibertine_RB.otf]:mode=node;script=latn;language=DFLT;+tlig;+trep;+tli
g;+trep;+tnum;+lnum;"
. 
. * 'bold small caps' with NFSS spec.:
. 
. <->"[LinLibertine_RB.otf]:mode=node;script=latn;language=DFLT;+tlig;+trep;+tli
g;+trep;+tnum;+lnum;+smcp;+smcp;"
. and font adjustment code:
. 
. 
. * 'italic' with NFSS spec.:
. 
. <->"[LinLibertine_RI.otf]:mode=node;script=latn;language=DFLT;+tlig;+trep;+tli
g;+trep;+tnum;+lnum;"
. 
. * 'small caps' with NFSS spec.:
. 
. <->"[LinLibertine_RI.otf]:mode=node;script=latn;language=DFLT;+tlig;+trep;+tli
g;+trep;+tnum;+lnum;+smcp;+smcp;"
. and font adjustment code:
. 
. 
. * 'bold italic' with NFSS spec.:
. 
. <->"[LinLibertine_RBI.otf]:mode=node;script=latn;language=DFLT;+tlig;+trep;+tl
ig;+trep;+tnum;+lnum;"
. 
. * 'bold small caps' with NFSS spec.:
. 
. <->"[LinLibertine_RBI.otf]:mode=node;script=latn;language=DFLT;+tlig;+trep;+tl
ig;+trep;+tnum;+lnum;+smcp;+smcp;"
. and font adjustment code:
. 
.................................................
luaotfload | load : path lookup of "LinLibertine_R.otf" unsuccessful, falling ba
ck to file:
luaotfload | load : path lookup of "LinBiolinum_R.otf" unsuccessful, falling bac
k to file:(compiling luc: /var/lib/texmf/luatex-cache/generic/fonts/otf/linbioli
num-r.luc)(load luc: /home/veronica/.texmf-var/luatex-cache/generic/fonts/otf/li
nbiolinum-r.luc)
luaotfload | load : path lookup of "LinBiolinum_R.otf" unsuccessful, falling bac
k to file:
\g__fontspec_family_LinBiolinum_int=\count290
luaotfload | load : path lookup of "LinBiolinum_R.otf" unsuccessful, falling bac
k to file:
luaotfload | load : path lookup of "LinBiolinum_R.otf" unsuccessful, falling bac
k to file:
luaotfload | load : path lookup of "LinLibertine_R.otf" unsuccessful, falling ba
ck to file:
luaotfload | load : path lookup of "LinBiolinum_RB.otf" unsuccessful, falling ba
ck to file:(compiling luc: /var/lib/texmf/luatex-cache/generic/fonts/otf/linbiol
inum-rb.luc)(load luc: /home/veronica/.texmf-var/luatex-cache/generic/fonts/otf/
linbiolinum-rb.luc)
luaotfload | load : path lookup of "LinBiolinum_RB.otf" unsuccessful, falling ba
ck to file:
luaotfload | load : path lookup of "LinBiolinum_RI.otf" unsuccessful, falling ba
ck to file:(compiling luc: /var/lib/texmf/luatex-cache/generic/fonts/otf/linbiol
inum-ri.luc)(load luc: /home/veronica/.texmf-var/luatex-cache/generic/fonts/otf/
linbiolinum-ri.luc)
luaotfload | load : path lookup of "LinBiolinum_RI.otf" unsuccessful, falling ba
ck to file:
luaotfload | load : path lookup of "LinBiolinum_RBO.otf" unsuccessful, falling b
ack to file:(compiling luc: /var/lib/texmf/luatex-cache/generic/fonts/otf/linbio
linum-rbo.luc)(load luc: /home/veronica/.texmf-var/luatex-cache/generic/fonts/ot
f/linbiolinum-rbo.luc)
luaotfload | load : path lookup of "LinBiolinum_RBO.otf" unsuccessful, falling b
ack to file:
.................................................
. fontspec info: "defining-font"
. 
. Font family 'LinBiolinum(0)' created for font 'LinBiolinum' with options
. [Ligatures = TeX,Extension =
. .otf,SmallCapsFeatures={Letters=SmallCaps},Ligatures=TeX,Numbers =
. {Monospaced, },Scale = 1,UprightFont = *_R,ItalicFont = *_RI,BoldFont =
. *_RB,BoldItalicFont = *_RBO].
. 
. This font family consists of the following shapes:
. 
. * 'normal' with NFSS spec.:
. 
. <->s*[1]"[LinBiolinum_R.otf]:mode=node;script=latn;language=DFLT;+tlig;+trep;+
tlig;+trep;+tnum;"
. 
. * 'small caps' with NFSS spec.:
. 
. <->s*[1]"[LinBiolinum_R.otf]:mode=node;script=latn;language=DFLT;+tlig;+trep;+
tlig;+trep;+tnum;+smcp;+smcp;"
. and font adjustment code:
. 
. 
. * 'bold' with NFSS spec.:
. 
. <->s*[1]"[LinBiolinum_RB.otf]:mode=node;script=latn;language=DFLT;+tlig;+trep;
+tlig;+trep;+tnum;"
. 
. * 'bold small caps' with NFSS spec.:
. 
. <->s*[1]"[LinBiolinum_RB.otf]:mode=node;script=latn;language=DFLT;+tlig;+trep;
+tlig;+trep;+tnum;+smcp;+smcp;"
. and font adjustment code:
. 
. 
. * 'italic' with NFSS spec.:
. 
. <->s*[1]"[LinBiolinum_RI.otf]:mode=node;script=latn;language=DFLT;+tlig;+trep;
+tlig;+trep;+tnum;"
. 
. * 'small caps' with NFSS spec.:
. 
. <->s*[1]"[LinBiolinum_RI.otf]:mode=node;script=latn;language=DFLT;+tlig;+trep;
+tlig;+trep;+tnum;+smcp;+smcp;"
. and font adjustment code:
. 
. 
. * 'bold italic' with NFSS spec.:
. 
. <->s*[1]"[LinBiolinum_RBO.otf]:mode=node;script=latn;language=DFLT;+tlig;+trep
;+tlig;+trep;+tnum;"
. 
. * 'bold small caps' with NFSS spec.:
. 
. <->s*[1]"[LinBiolinum_RBO.otf]:mode=node;script=latn;language=DFLT;+tlig;+trep
;+tlig;+trep;+tnum;+smcp;+smcp;"
. and font adjustment code:
. 
.................................................
luaotfload | load : path lookup of "LinLibertine_R.otf" unsuccessful, falling ba
ck to file:
luaotfload | load : path lookup of "LinLibertine_R.otf" unsuccessful, falling ba
ck to file:
luaotfload | load : path lookup of "LinLibertine_R.otf" unsuccessful, falling ba
ck to file:
luaotfload | load : path lookup of "LinLibertine_R.otf" unsuccessful, falling ba
ck to file:
luaotfload | load : path lookup of "LinLibertine_RB.otf" unsuccessful, falling b
ack to file:
luaotfload | load : path lookup of "LinLibertine_RB.otf" unsuccessful, falling b
ack to file:
luaotfload | load : path lookup of "LinLibertine_RI.otf" unsuccessful, falling b
ack to file:
luaotfload | load : path lookup of "LinLibertine_RI.otf" unsuccessful, falling b
ack to file:
luaotfload | load : path lookup of "LinLibertine_RBI.otf" unsuccessful, falling 
back to file:
luaotfload | load : path lookup of "LinLibertine_RBI.otf" unsuccessful, falling 
back to file:
.................................................
. fontspec info: "defining-font"
. 
. Font family 'LinLibertine(1)' created for font 'LinLibertine' with options
. [Ligatures = TeX,Extension =
. .otf,SmallCapsFeatures={Letters=SmallCaps},Numbers =
. {Monospaced,Lining},UprightFont = *_R,ItalicFont = *_RI,BoldFont =
. *_RB,BoldItalicFont = *_RBI].
. 
. This font family consists of the following shapes:
. 
. * 'normal' with NFSS spec.:
. 
. <->"[LinLibertine_R.otf]:mode=node;script=latn;language=DFLT;+tlig;+trep;+tnum
;+lnum;"
. 
. * 'small caps' with NFSS spec.:
. 
. <->"[LinLibertine_R.otf]:mode=node;script=latn;language=DFLT;+tlig;+trep;+tnum
;+lnum;+smcp;+smcp;"
. and font adjustment code:
. 
. 
. * 'bold' with NFSS spec.:
. 
. <->"[LinLibertine_RB.otf]:mode=node;script=latn;language=DFLT;+tlig;+trep;+tnu
m;+lnum;"
. 
. * 'bold small caps' with NFSS spec.:
. 
. <->"[LinLibertine_RB.otf]:mode=node;script=latn;language=DFLT;+tlig;+trep;+tnu
m;+lnum;+smcp;+smcp;"
. and font adjustment code:
. 
. 
. * 'italic' with NFSS spec.:
. 
. <->"[LinLibertine_RI.otf]:mode=node;script=latn;language=DFLT;+tlig;+trep;+tnu
m;+lnum;"
. 
. * 'small caps' with NFSS spec.:
. 
. <->"[LinLibertine_RI.otf]:mode=node;script=latn;language=DFLT;+tlig;+trep;+tnu
m;+lnum;+smcp;+smcp;"
. and font adjustment code:
. 
. 
. * 'bold italic' with NFSS spec.:
. 
. <->"[LinLibertine_RBI.otf]:mode=node;script=latn;language=DFLT;+tlig;+trep;+tn
um;+lnum;"
. 
. * 'bold small caps' with NFSS spec.:
. 
. <->"[LinLibertine_RBI.otf]:mode=node;script=latn;language=DFLT;+tlig;+trep;+tn
um;+lnum;+smcp;+smcp;"
. and font adjustment code:
. 
.................................................
luaotfload | load : path lookup of "LinLibertine_R.otf" unsuccessful, falling ba
ck to file:
luaotfload | load : path lookup of "LinLibertine_R.otf" unsuccessful, falling ba
ck to file:
luaotfload | load : path lookup of "LinLibertine_R.otf" unsuccessful, falling ba
ck to file:
luaotfload | load : path lookup of "LinLibertine_R.otf" unsuccessful, falling ba
ck to file:
luaotfload | load : path lookup of "LinLibertine_RZ.otf" unsuccessful, falling b
ack to file:(compiling luc: /var/lib/texmf/luatex-cache/generic/fonts/otf/linlib
ertine-rz.luc)(load luc: /home/veronica/.texmf-var/luatex-cache/generic/fonts/ot
f/linlibertine-rz.luc)
luaotfload | load : path lookup of "LinLibertine_RZ.otf" unsuccessful, falling b
ack to file:
luaotfload | load : path lookup of "LinLibertine_RI.otf" unsuccessful, falling b
ack to file:
luaotfload | load : path lookup of "LinLibertine_RI.otf" unsuccessful, falling b
ack to file:
luaotfload | load : path lookup of "LinLibertine_RZI.otf" unsuccessful, falling 
back to file:(compiling luc: /var/lib/texmf/luatex-cache/generic/fonts/otf/linli
bertine-rzi.luc)(load luc: /home/veronica/.texmf-var/luatex-cache/generic/fonts/
otf/linlibertine-rzi.luc)
luaotfload | load : path lookup of "LinLibertine_RZI.otf" unsuccessful, falling 
back to file:
luaotfload | aux : font no 33 (LinLibertineOZI) does not define feature tnum for
 script latn with language dflt
luaotfload | aux : no font with id 33
*************************************************
* fontspec warning: "icu-feature-not-exist-in-font"
* 
* OpenType feature 'Numbers=Monospaced,Lining' (+tnum) not available for font
* 'LinLibertine_RZI' with script 'Latin' and language 'Default'.
*************************************************
luaotfload | aux : font no 33 (LinLibertineOZI) does not define feature tnum for
 script latn with language dflt
luaotfload | aux : no font with id 33
*************************************************
* fontspec warning: "icu-feature-not-exist-in-font"
* 
* OpenType feature 'Numbers=Monospaced,Lining' (+tnum) not available for font
* 'LinLibertine_RZI' with script 'Latin' and language 'Default'.
*************************************************
.................................................
. fontspec info: "defining-font"
. 
. Font family 'LinLibertine(2)' created for font 'LinLibertine' with options
. [Ligatures = TeX,Extension =
. .otf,SmallCapsFeatures={Letters=SmallCaps},Numbers =
. {Monospaced,Lining},UprightFont = *_R,ItalicFont = *_RI,BoldFont =
. *_RZ,BoldItalicFont = *_RZI].
. 
. This font family consists of the following shapes:
. 
. * 'normal' with NFSS spec.:
. 
. <->"[LinLibertine_R.otf]:mode=node;script=latn;language=DFLT;+tlig;+trep;+tnum
;+lnum;"
. 
. * 'small caps' with NFSS spec.:
. 
. <->"[LinLibertine_R.otf]:mode=node;script=latn;language=DFLT;+tlig;+trep;+tnum
;+lnum;+smcp;+smcp;"
. and font adjustment code:
. 
. 
. * 'bold' with NFSS spec.:
. 
. <->"[LinLibertine_RZ.otf]:mode=node;script=latn;language=DFLT;+tlig;+trep;+tnu
m;+lnum;"
. 
. * 'bold small caps' with NFSS spec.:
. 
. <->"[LinLibertine_RZ.otf]:mode=node;script=latn;language=DFLT;+tlig;+trep;+tnu
m;+lnum;+smcp;+smcp;"
. and font adjustment code:
. 
. 
. * 'italic' with NFSS spec.:
. 
. <->"[LinLibertine_RI.otf]:mode=node;script=latn;language=DFLT;+tlig;+trep;+tnu
m;+lnum;"
. 
. * 'small caps' with NFSS spec.:
. 
. <->"[LinLibertine_RI.otf]:mode=node;script=latn;language=DFLT;+tlig;+trep;+tnu
m;+lnum;+smcp;+smcp;"
. and font adjustment code:
. 
. 
. * 'bold italic' with NFSS spec.:
. 
. <->"[LinLibertine_RZI.otf]:mode=node;script=latn;language=DFLT;+tlig;+trep;+ln
um;"
. 
. * 'bold small caps' with NFSS spec.:
. 
. <->"[LinLibertine_RZI.otf]:mode=node;script=latn;language=DFLT;+tlig;+trep;+ln
um;+smcp;+smcp;"
. and font adjustment code:
. 
.................................................
luaotfload | load : path lookup of "LinLibertine_R.otf" unsuccessful, falling ba
ck to file:
luaotfload | load : path lookup of "LinLibertine_R.otf" unsuccessful, falling ba
ck to file:
luaotfload | load : path lookup of "LinLibertine_R.otf" unsuccessful, falling ba
ck to file:
luaotfload | load : path lookup of "LinLibertine_R.otf" unsuccessful, falling ba
ck to file:
luaotfload | load : path lookup of "LinLibertine_RB.otf" unsuccessful, falling b
ack to file:
luaotfload | load : path lookup of "LinLibertine_RB.otf" unsuccessful, falling b
ack to file:
luaotfload | load : path lookup of "LinLibertine_RI.otf" unsuccessful, falling b
ack to file:
luaotfload | load : path lookup of "LinLibertine_RI.otf" unsuccessful, falling b
ack to file:
luaotfload | load : path lookup of "LinLibertine_RBI.otf" unsuccessful, falling 
back to file:
luaotfload | load : path lookup of "LinLibertine_RBI.otf" unsuccessful, falling 
back to file:
.................................................
. fontspec info: "defining-font"
. 
. Font family 'LinLibertine(3)' created for font 'LinLibertine' with options
. [Ligatures = TeX,Extension =
. .otf,SmallCapsFeatures={Letters=SmallCaps},Numbers =
. {Monospaced,OldStyle},UprightFont = *_R,ItalicFont = *_RI,BoldFont =
. *_RB,BoldItalicFont = *_RBI].
. 
. This font family consists of the following shapes:
. 
. * 'normal' with NFSS spec.:
. 
. <->"[LinLibertine_R.otf]:mode=node;script=latn;language=DFLT;+tlig;+trep;+tnum
;+onum;"
. 
. * 'small caps' with NFSS spec.:
. 
. <->"[LinLibertine_R.otf]:mode=node;script=latn;language=DFLT;+tlig;+trep;+tnum
;+onum;+smcp;+smcp;"
. and font adjustment code:
. 
. 
. * 'bold' with NFSS spec.:
. 
. <->"[LinLibertine_RB.otf]:mode=node;script=latn;language=DFLT;+tlig;+trep;+tnu
m;+onum;"
. 
. * 'bold small caps' with NFSS spec.:
. 
. <->"[LinLibertine_RB.otf]:mode=node;script=latn;language=DFLT;+tlig;+trep;+tnu
m;+onum;+smcp;+smcp;"
. and font adjustment code:
. 
. 
. * 'italic' with NFSS spec.:
. 
. <->"[LinLibertine_RI.otf]:mode=node;script=latn;language=DFLT;+tlig;+trep;+tnu
m;+onum;"
. 
. * 'small caps' with NFSS spec.:
. 
. <->"[LinLibertine_RI.otf]:mode=node;script=latn;language=DFLT;+tlig;+trep;+tnu
m;+onum;+smcp;+smcp;"
. and font adjustment code:
. 
. 
. * 'bold italic' with NFSS spec.:
. 
. <->"[LinLibertine_RBI.otf]:mode=node;script=latn;language=DFLT;+tlig;+trep;+tn
um;+onum;"
. 
. * 'bold small caps' with NFSS spec.:
. 
. <->"[LinLibertine_RBI.otf]:mode=node;script=latn;language=DFLT;+tlig;+trep;+tn
um;+onum;+smcp;+smcp;"
. and font adjustment code:
. 
.................................................
luaotfload | load : path lookup of "LinLibertine_R.otf" unsuccessful, falling ba
ck to file:
luaotfload | load : path lookup of "LinLibertine_R.otf" unsuccessful, falling ba
ck to file:
luaotfload | load : path lookup of "LinLibertine_DR.otf" unsuccessful, falling b
ack to file:(compiling luc: /var/lib/texmf/luatex-cache/generic/fonts/otf/linlib
ertine-dr.luc)(load luc: /home/veronica/.texmf-var/luatex-cache/generic/fonts/ot
f/linlibertine-dr.luc)
luaotfload | load : path lookup of "LinLibertine_DR.otf" unsuccessful, falling b
ack to file:
luaotfload | load : path lookup of "LinLibertine_DR.otf" unsuccessful, falling b
ack to file:
luaotfload | load : path lookup of "LinLibertine_DR.otf" unsuccessful, falling b
ack to file:
luaotfload | aux : font no 34 (LinLibertineDisplayO) does not define feature smc
p for script latn with language dflt
luaotfload | aux : no font with id 34
luaotfload | load : path lookup of "LinLibertine_RB.otf" unsuccessful, falling b
ack to file:
luaotfload | load : path lookup of "LinLibertine_RB.otf" unsuccessful, falling b
ack to file:
luaotfload | load : path lookup of "LinLibertine_RI.otf" unsuccessful, falling b
ack to file:
luaotfload | load : path lookup of "LinLibertine_RI.otf" unsuccessful, falling b
ack to file:
luaotfload | load : path lookup of "LinLibertine_RBI.otf" unsuccessful, falling 
back to file:
luaotfload | load : path lookup of "LinLibertine_RBI.otf" unsuccessful, falling 
back to file:
.................................................
. fontspec info: "defining-font"
. 
. Font family 'LinLibertine(4)' created for font 'LinLibertine' with options
. [Ligatures = TeX,Extension =
. .otf,SmallCapsFeatures={Letters=SmallCaps},Numbers =
. {Monospaced,Lining},UprightFont = *_DR,ItalicFont = *_RI,BoldFont =
. *_RB,BoldItalicFont = *_RBI].
. 
. This font family consists of the following shapes:
. 
. * 'normal' with NFSS spec.:
. 
. <->"[LinLibertine_DR.otf]:mode=node;script=latn;language=DFLT;+tlig;+trep;+tnu
m;+lnum;"
. 
. * 'small caps' with NFSS spec.:
. 
. and font adjustment code:
. 
. 
. * 'bold' with NFSS spec.:
. 
. <->"[LinLibertine_RB.otf]:mode=node;script=latn;language=DFLT;+tlig;+trep;+tnu
m;+lnum;"
. 
. * 'bold small caps' with NFSS spec.:
. 
. <->"[LinLibertine_RB.otf]:mode=node;script=latn;language=DFLT;+tlig;+trep;+tnu
m;+lnum;+smcp;+smcp;"
. and font adjustment code:
. 
. 
. * 'italic' with NFSS spec.:
. 
. <->"[LinLibertine_RI.otf]:mode=node;script=latn;language=DFLT;+tlig;+trep;+tnu
m;+lnum;"
. 
. * 'small caps' with NFSS spec.:
. 
. <->"[LinLibertine_RI.otf]:mode=node;script=latn;language=DFLT;+tlig;+trep;+tnu
m;+lnum;+smcp;+smcp;"
. and font adjustment code:
. 
. 
. * 'bold italic' with NFSS spec.:
. 
. <->"[LinLibertine_RBI.otf]:mode=node;script=latn;language=DFLT;+tlig;+trep;+tn
um;+lnum;"
. 
. * 'bold small caps' with NFSS spec.:
. 
. <->"[LinLibertine_RBI.otf]:mode=node;script=latn;language=DFLT;+tlig;+trep;+tn
um;+lnum;+smcp;+smcp;"
. and font adjustment code:
. 
.................................................
luaotfload | load : path lookup of "LinBiolinum_R.otf" unsuccessful, falling bac
k to file:
luaotfload | load : path lookup of "LinBiolinum_R.otf" unsuccessful, falling bac
k to file:
luaotfload | load : path lookup of "LinBiolinum_R.otf" unsuccessful, falling bac
k to file:
luaotfload | load : path lookup of "LinBiolinum_R.otf" unsuccessful, falling bac
k to file:
luaotfload | load : path lookup of "LinBiolinum_RB.otf" unsuccessful, falling ba
ck to file:
luaotfload | load : path lookup of "LinBiolinum_RB.otf" unsuccessful, falling ba
ck to file:
luaotfload | load : path lookup of "LinBiolinum_RI.otf" unsuccessful, falling ba
ck to file:
luaotfload | load : path lookup of "LinBiolinum_RI.otf" unsuccessful, falling ba
ck to file:
luaotfload | load : path lookup of "LinBiolinum_RBO.otf" unsuccessful, falling b
ack to file:
luaotfload | load : path lookup of "LinBiolinum_RBO.otf" unsuccessful, falling b
ack to file:
.................................................
. fontspec info: "defining-font"
. 
. Font family 'LinBiolinum(1)' created for font 'LinBiolinum' with options
. [Ligatures = TeX,Extension =
. .otf,SmallCapsFeatures={Letters=SmallCaps},Numbers = {Monospaced, },Scale =
. 1,UprightFont = *_R,ItalicFont = *_RI,BoldFont = *_RB,BoldItalicFont =
. *_RBO].
. 
. This font family consists of the following shapes:
. 
. * 'normal' with NFSS spec.:
. 
. <->s*[1]"[LinBiolinum_R.otf]:mode=node;script=latn;language=DFLT;+tlig;+trep;+
tnum;"
. 
. * 'small caps' with NFSS spec.:
. 
. <->s*[1]"[LinBiolinum_R.otf]:mode=node;script=latn;language=DFLT;+tlig;+trep;+
tnum;+smcp;+smcp;"
. and font adjustment code:
. 
. 
. * 'bold' with NFSS spec.:
. 
. <->s*[1]"[LinBiolinum_RB.otf]:mode=node;script=latn;language=DFLT;+tlig;+trep;
+tnum;"
. 
. * 'bold small caps' with NFSS spec.:
. 
. <->s*[1]"[LinBiolinum_RB.otf]:mode=node;script=latn;language=DFLT;+tlig;+trep;
+tnum;+smcp;+smcp;"
. and font adjustment code:
. 
. 
. * 'italic' with NFSS spec.:
. 
. <->s*[1]"[LinBiolinum_RI.otf]:mode=node;script=latn;language=DFLT;+tlig;+trep;
+tnum;"
. 
. * 'small caps' with NFSS spec.:
. 
. <->s*[1]"[LinBiolinum_RI.otf]:mode=node;script=latn;language=DFLT;+tlig;+trep;
+tnum;+smcp;+smcp;"
. and font adjustment code:
. 
. 
. * 'bold italic' with NFSS spec.:
. 
. <->s*[1]"[LinBiolinum_RBO.otf]:mode=node;script=latn;language=DFLT;+tlig;+trep
;+tnum;"
. 
. * 'bold small caps' with NFSS spec.:
. 
. <->s*[1]"[LinBiolinum_RBO.otf]:mode=node;script=latn;language=DFLT;+tlig;+trep
;+tnum;+smcp;+smcp;"
. and font adjustment code:
. 
.................................................
luaotfload | load : path lookup of "LinBiolinum_R.otf" unsuccessful, falling bac
k to file:
luaotfload | load : path lookup of "LinBiolinum_R.otf" unsuccessful, falling bac
k to file:
luaotfload | load : path lookup of "LinBiolinum_R.otf" unsuccessful, falling bac
k to file:
luaotfload | load : path lookup of "LinBiolinum_R.otf" unsuccessful, falling bac
k to file:
luaotfload | load : path lookup of "LinBiolinum_RB.otf" unsuccessful, falling ba
ck to file:
luaotfload | load : path lookup of "LinBiolinum_RB.otf" unsuccessful, falling ba
ck to file:
luaotfload | load : path lookup of "LinBiolinum_RI.otf" unsuccessful, falling ba
ck to file:
luaotfload | load : path lookup of "LinBiolinum_RI.otf" unsuccessful, falling ba
ck to file:
luaotfload | load : path lookup of "LinBiolinum_RBO.otf" unsuccessful, falling b
ack to file:
luaotfload | load : path lookup of "LinBiolinum_RBO.otf" unsuccessful, falling b
ack to file:
.................................................
. fontspec info: "defining-font"
. 
. Font family 'LinBiolinum(2)' created for font 'LinBiolinum' with options
. [Ligatures = TeX,Extension =
. .otf,SmallCapsFeatures={Letters=SmallCaps},Numbers = {Monospaced,
. OldStyle},Scale = 1,UprightFont = *_R,ItalicFont = *_RI,BoldFont =
. *_RB,BoldItalicFont = *_RBO].
. 
. This font family consists of the following shapes:
. 
. * 'normal' with NFSS spec.:
. 
. <->s*[1]"[LinBiolinum_R.otf]:mode=node;script=latn;language=DFLT;+tlig;+trep;+
tnum;+onum;"
. 
. * 'small caps' with NFSS spec.:
. 
. <->s*[1]"[LinBiolinum_R.otf]:mode=node;script=latn;language=DFLT;+tlig;+trep;+
tnum;+onum;+smcp;+smcp;"
. and font adjustment code:
. 
. 
. * 'bold' with NFSS spec.:
. 
. <->s*[1]"[LinBiolinum_RB.otf]:mode=node;script=latn;language=DFLT;+tlig;+trep;
+tnum;+onum;"
. 
. * 'bold small caps' with NFSS spec.:
. 
. <->s*[1]"[LinBiolinum_RB.otf]:mode=node;script=latn;language=DFLT;+tlig;+trep;
+tnum;+onum;+smcp;+smcp;"
. and font adjustment code:
. 
. 
. * 'italic' with NFSS spec.:
. 
. <->s*[1]"[LinBiolinum_RI.otf]:mode=node;script=latn;language=DFLT;+tlig;+trep;
+tnum;+onum;"
. 
. * 'small caps' with NFSS spec.:
. 
. <->s*[1]"[LinBiolinum_RI.otf]:mode=node;script=latn;language=DFLT;+tlig;+trep;
+tnum;+onum;+smcp;+smcp;"
. and font adjustment code:
. 
. 
. * 'bold italic' with NFSS spec.:
. 
. <->s*[1]"[LinBiolinum_RBO.otf]:mode=node;script=latn;language=DFLT;+tlig;+trep
;+tnum;+onum;"
. 
. * 'bold small caps' with NFSS spec.:
. 
. <->s*[1]"[LinBiolinum_RBO.otf]:mode=node;script=latn;language=DFLT;+tlig;+trep
;+tnum;+onum;+smcp;+smcp;"
. and font adjustment code:
. 
.................................................
luaotfload | load : path lookup of "LinBiolinum_R.otf" unsuccessful, falling bac
k to file:
luaotfload | load : path lookup of "LinBiolinum_R.otf" unsuccessful, falling bac
k to file:
luaotfload | load : path lookup of "LinBiolinum_R.otf" unsuccessful, falling bac
k to file:
luaotfload | load : path lookup of "LinBiolinum_R.otf" unsuccessful, falling bac
k to file:
luaotfload | load : path lookup of "LinBiolinum_RB.otf" unsuccessful, falling ba
ck to file:
luaotfload | load : path lookup of "LinBiolinum_RB.otf" unsuccessful, falling ba
ck to file:
luaotfload | load : path lookup of "LinBiolinum_RI.otf" unsuccessful, falling ba
ck to file:
luaotfload | load : path lookup of "LinBiolinum_RI.otf" unsuccessful, falling ba
ck to file:
luaotfload | load : path lookup of "LinBiolinum_RBO.otf" unsuccessful, falling b
ack to file:
luaotfload | load : path lookup of "LinBiolinum_RBO.otf" unsuccessful, falling b
ack to file:
.................................................
. fontspec info: "defining-font"
. 
. Font family 'LinBiolinum(3)' created for font 'LinBiolinum' with options
. [Ligatures = TeX,Extension =
. .otf,SmallCapsFeatures={Letters=SmallCaps},Numbers = {Monospaced},Scale =
. 1,UprightFont = *_R,ItalicFont = *_RI,BoldFont = *_RB,BoldItalicFont =
. *_RBO].
. 
. This font family consists of the following shapes:
. 
. * 'normal' with NFSS spec.:
. 
. <->s*[1]"[LinBiolinum_R.otf]:mode=node;script=latn;language=DFLT;+tlig;+trep;+
tnum;"
. 
. * 'small caps' with NFSS spec.:
. 
. <->s*[1]"[LinBiolinum_R.otf]:mode=node;script=latn;language=DFLT;+tlig;+trep;+
tnum;+smcp;+smcp;"
. and font adjustment code:
. 
. 
. * 'bold' with NFSS spec.:
. 
. <->s*[1]"[LinBiolinum_RB.otf]:mode=node;script=latn;language=DFLT;+tlig;+trep;
+tnum;"
. 
. * 'bold small caps' with NFSS spec.:
. 
. <->s*[1]"[LinBiolinum_RB.otf]:mode=node;script=latn;language=DFLT;+tlig;+trep;
+tnum;+smcp;+smcp;"
. and font adjustment code:
. 
. 
. * 'italic' with NFSS spec.:
. 
. <->s*[1]"[LinBiolinum_RI.otf]:mode=node;script=latn;language=DFLT;+tlig;+trep;
+tnum;"
. 
. * 'small caps' with NFSS spec.:
. 
. <->s*[1]"[LinBiolinum_RI.otf]:mode=node;script=latn;language=DFLT;+tlig;+trep;
+tnum;+smcp;+smcp;"
. and font adjustment code:
. 
. 
. * 'bold italic' with NFSS spec.:
. 
. <->s*[1]"[LinBiolinum_RBO.otf]:mode=node;script=latn;language=DFLT;+tlig;+trep
;+tnum;"
. 
. * 'bold small caps' with NFSS spec.:
. 
. <->s*[1]"[LinBiolinum_RBO.otf]:mode=node;script=latn;language=DFLT;+tlig;+trep
;+tnum;+smcp;+smcp;"
. and font adjustment code:
. 
.................................................
luaotfload | load : path lookup of "LinLibertine_M.otf" unsuccessful, falling ba
ck to file:(compiling luc: /var/lib/texmf/luatex-cache/generic/fonts/otf/linlibe
rtine-m.luc)(load luc: /home/veronica/.texmf-var/luatex-cache/generic/fonts/otf/
linlibertine-m.luc)
luaotfload | load : path lookup of "LinLibertine_M.otf" unsuccessful, falling ba
ck to file:
luaotfload | load : path lookup of "LinLibertine_M.otf" unsuccessful, falling ba
ck to file:
luaotfload | load : path lookup of "LinLibertine_M.otf" unsuccessful, falling ba
ck to file:
luaotfload | aux : font no 35 (LinLibertineMO) does not define feature smcp for 
script latn with language dflt
luaotfload | aux : no font with id 35
luaotfload | load : path lookup of "LinLibertine_MB.otf" unsuccessful, falling b
ack to file:(compiling luc: /var/lib/texmf/luatex-cache/generic/fonts/otf/linlib
ertine-mb.luc)(load luc: /home/veronica/.texmf-var/luatex-cache/generic/fonts/ot
f/linlibertine-mb.luc)
luaotfload | load : path lookup of "LinLibertine_MB.otf" unsuccessful, falling b
ack to file:
luaotfload | aux : font no 36 (LinLibertineMOB) does not define feature smcp for
 script latn with language dflt
luaotfload | aux : no font with id 36
luaotfload | load : path lookup of "LinLibertine_MO.otf" unsuccessful, falling b
ack to file:(compiling luc: /var/lib/texmf/luatex-cache/generic/fonts/otf/linlib
ertine-mo.luc)(load luc: /home/veronica/.texmf-var/luatex-cache/generic/fonts/ot
f/linlibertine-mo.luc)
luaotfload | load : path lookup of "LinLibertine_MO.otf" unsuccessful, falling b
ack to file:
luaotfload | aux : font no 37 (LinLibertineMOO) does not define feature smcp for
 script latn with language dflt
luaotfload | aux : no font with id 37
luaotfload | load : path lookup of "LinLibertine_MBO.otf" unsuccessful, falling 
back to file:(compiling luc: /var/lib/texmf/luatex-cache/generic/fonts/otf/linli
bertine-mbo.luc)(load luc: /home/veronica/.texmf-var/luatex-cache/generic/fonts/
otf/linlibertine-mbo.luc)
luaotfload | load : path lookup of "LinLibertine_MBO.otf" unsuccessful, falling 
back to file:
luaotfload | aux : font no 38 (LinLibertineMOBO) does not define feature smcp fo
r script latn with language dflt
luaotfload | aux : no font with id 38
.................................................
. fontspec info: "defining-font"
. 
. Font family 'LinLibertine(5)' created for font 'LinLibertine' with options
. [Extension = .otf,WordSpace={1,0,0},PunctuationSpace=WordSpace,Scale =
. 1,UprightFont = *_M,ItalicFont = *_MO,BoldFont = *_MB,BoldItalicFont =
. *_MBO].
. 
. This font family consists of the following shapes:
. 
. * 'normal' with NFSS spec.:
. <->s*[1]"[LinLibertine_M.otf]:mode=node;script=latn;language=DFLT;"
. 
. * 'small caps' with NFSS spec.:
. 
. and font adjustment code:
. \fontdimen 2\font =1\fontdimen 2\font \fontdimen 3\font =0\fontdimen 3\font
. \fontdimen 4\font =0\fontdimen 4\font \fontdimen 7\font =0\fontdimen 2\font 
. 
. * 'bold' with NFSS spec.:
. <->s*[1]"[LinLibertine_MB.otf]:mode=node;script=latn;language=DFLT;"
. 
. * 'bold small caps' with NFSS spec.:
. 
. and font adjustment code:
. \fontdimen 2\font =1\fontdimen 2\font \fontdimen 3\font =0\fontdimen 3\font
. \fontdimen 4\font =0\fontdimen 4\font \fontdimen 7\font =0\fontdimen 2\font 
. 
. * 'italic' with NFSS spec.:
. <->s*[1]"[LinLibertine_MO.otf]:mode=node;script=latn;language=DFLT;"
. 
. * 'small caps' with NFSS spec.:
. 
. and font adjustment code:
. \fontdimen 2\font =1\fontdimen 2\font \fontdimen 3\font =0\fontdimen 3\font
. \fontdimen 4\font =0\fontdimen 4\font \fontdimen 7\font =0\fontdimen 2\font 
. 
. * 'bold italic' with NFSS spec.:
. <->s*[1]"[LinLibertine_MBO.otf]:mode=node;script=latn;language=DFLT;"
. 
. * 'bold small caps' with NFSS spec.:
. 
. and font adjustment code:
. \fontdimen 2\font =1\fontdimen 2\font \fontdimen 3\font =0\fontdimen 3\font
. \fontdimen 4\font =0\fontdimen 4\font \fontdimen 7\font =0\fontdimen 2\font 
.................................................
luaotfload | load : path lookup of "LinLibertine_M.otf" unsuccessful, falling ba
ck to file:
luaotfload | load : path lookup of "LinLibertine_M.otf" unsuccessful, falling ba
ck to file:
luaotfload | load : path lookup of "LinLibertine_M.otf" unsuccessful, falling ba
ck to file:
luaotfload | load : path lookup of "LinLibertine_M.otf" unsuccessful, falling ba
ck to file:
luaotfload | aux : font no 35 (LinLibertineMO) does not define feature smcp for 
script latn with language dflt
luaotfload | aux : no font with id 35
luaotfload | load : path lookup of "LinLibertine_MB.otf" unsuccessful, falling b
ack to file:
luaotfload | load : path lookup of "LinLibertine_MB.otf" unsuccessful, falling b
ack to file:
luaotfload | aux : font no 36 (LinLibertineMOB) does not define feature smcp for
 script latn with language dflt
luaotfload | aux : no font with id 36
luaotfload | load : path lookup of "LinLibertine_MO.otf" unsuccessful, falling b
ack to file:
luaotfload | load : path lookup of "LinLibertine_MO.otf" unsuccessful, falling b
ack to file:
luaotfload | aux : font no 37 (LinLibertineMOO) does not define feature smcp for
 script latn with language dflt
luaotfload | aux : no font with id 37
luaotfload | load : path lookup of "LinLibertine_MBO.otf" unsuccessful, falling 
back to file:
luaotfload | load : path lookup of "LinLibertine_MBO.otf" unsuccessful, falling 
back to file:
luaotfload | aux : font no 38 (LinLibertineMOBO) does not define feature smcp fo
r script latn with language dflt
luaotfload | aux : no font with id 38
.................................................
. fontspec info: "defining-font"
. 
. Font family 'LinLibertine(6)' created for font 'LinLibertine' with options
. [Extension = .otf,Scale = 1,UprightFont = *_M,ItalicFont = *_MO,BoldFont =
. *_MB,BoldItalicFont = *_MBO].
. 
. This font family consists of the following shapes:
. 
. * 'normal' with NFSS spec.:
. <->s*[1]"[LinLibertine_M.otf]:mode=node;script=latn;language=DFLT;"
. 
. * 'small caps' with NFSS spec.:
. 
. and font adjustment code:
. 
. 
. * 'bold' with NFSS spec.:
. <->s*[1]"[LinLibertine_MB.otf]:mode=node;script=latn;language=DFLT;"
. 
. * 'bold small caps' with NFSS spec.:
. 
. and font adjustment code:
. 
. 
. * 'italic' with NFSS spec.:
. <->s*[1]"[LinLibertine_MO.otf]:mode=node;script=latn;language=DFLT;"
. 
. * 'small caps' with NFSS spec.:
. 
. and font adjustment code:
. 
. 
. * 'bold italic' with NFSS spec.:
. <->s*[1]"[LinLibertine_MBO.otf]:mode=node;script=latn;language=DFLT;"
. 
. * 'bold small caps' with NFSS spec.:
. 
. and font adjustment code:
. 
.................................................
luaotfload | load : path lookup of "LinBiolinum_K.otf" unsuccessful, falling bac
k to file:(compiling luc: /var/lib/texmf/luatex-cache/generic/fonts/otf/linbioli
num-k.luc)(load luc: /home/veronica/.texmf-var/luatex-cache/generic/fonts/otf/li
nbiolinum-k.luc)
luaotfload | load : path lookup of "LinBiolinum_K.otf" unsuccessful, falling bac
k to file:
\g__fontspec_family_LinBiolinum_K_int=\count291
luaotfload | load : path lookup of "LinBiolinum_K.otf" unsuccessful, falling bac
k to file:
luaotfload | load : path lookup of "LinBiolinum_K.otf" unsuccessful, falling bac
k to file:
.................................................
. fontspec info: "defining-font"
. 
. Font family 'LinBiolinum_K(0)' created for font 'LinBiolinum_K' with options
. [Extension = .otf,BoldFont={},ItalicFont={},SmallCapsFont={}].
. 
. This font family consists of the following shapes:
. 
. * 'normal' with NFSS spec.:
. <->"[LinBiolinum_K.otf]:mode=node;script=latn;language=DFLT;"
. 
. * 'small caps' with NFSS spec.:
. 
. and font adjustment code:
. 
.................................................
luaotfload | load : path lookup of "LinLibertine_I.otf" unsuccessful, falling ba
ck to file:(compiling luc: /var/lib/texmf/luatex-cache/generic/fonts/otf/linlibe
rtine-i.luc)(load luc: /home/veronica/.texmf-var/luatex-cache/generic/fonts/otf/
linlibertine-i.luc)
luaotfload | load : path lookup of "LinLibertine_I.otf" unsuccessful, falling ba
ck to file:
\g__fontspec_family_LinLibertine_I_int=\count292
luaotfload | load : path lookup of "LinLibertine_I.otf" unsuccessful, falling ba
ck to file:
luaotfload | load : path lookup of "LinLibertine_I.otf" unsuccessful, falling ba
ck to file:
.................................................
. fontspec info: "defining-font"
. 
. Font family 'LinLibertine_I(0)' created for font 'LinLibertine_I' with
. options [Extension = .otf,BoldFont={},ItalicFont={},SmallCapsFont={}].
. 
. This font family consists of the following shapes:
. 
. * 'normal' with NFSS spec.:
. <->"[LinLibertine_I.otf]:mode=node;script=latn;language=DFLT;"
. 
. * 'small caps' with NFSS spec.:
. 
. and font adjustment code:
. 
.................................................
LaTeX Info: Redefining \oldstylenums on input line 457.
LaTeX Info: Redefining \liningnums on input line 458.
luaotfload | load : path lookup of "LinLibertine_R.otf" unsuccessful, falling ba
ck to file:
luaotfload | load : path lookup of "LinLibertine_R.otf" unsuccessful, falling ba
ck to file:
luaotfload | load : path lookup of "LinLibertine_R.otf" unsuccessful, falling ba
ck to file:
luaotfload | load : path lookup of "LinLibertine_R.otf" unsuccessful, falling ba
ck to file:
luaotfload | load : path lookup of "LinLibertine_RB.otf" unsuccessful, falling b
ack to file:
luaotfload | load : path lookup of "LinLibertine_RB.otf" unsuccessful, falling b
ack to file:
luaotfload | load : path lookup of "LinLibertine_RI.otf" unsuccessful, falling b
ack to file:
luaotfload | load : path lookup of "LinLibertine_RI.otf" unsuccessful, falling b
ack to file:
luaotfload | load : path lookup of "LinLibertine_RBI.otf" unsuccessful, falling 
back to file:
luaotfload | load : path lookup of "LinLibertine_RBI.otf" unsuccessful, falling 
back to file:
.................................................
. fontspec info: "defining-font"
. 
. Font family 'LinLibertine(7)' created for font 'LinLibertine' with options
. [Extension = .otf,Numbers = {Monospaced,Lining},UprightFont = *_R,ItalicFont
. = *_RI,BoldFont = *_RB,BoldItalicFont = *_RBI].
. 
. This font family consists of the following shapes:
. 
. * 'normal' with NFSS spec.:
. <->"[LinLibertine_R.otf]:mode=node;script=latn;language=DFLT;+tnum;+lnum;"
. 
. * 'small caps' with NFSS spec.:
. 
. <->"[LinLibertine_R.otf]:mode=node;script=latn;language=DFLT;+tnum;+lnum;+smcp
;"
. and font adjustment code:
. 
. 
. * 'bold' with NFSS spec.:
. <->"[LinLibertine_RB.otf]:mode=node;script=latn;language=DFLT;+tnum;+lnum;"
. 
. * 'bold small caps' with NFSS spec.:
. 
. <->"[LinLibertine_RB.otf]:mode=node;script=latn;language=DFLT;+tnum;+lnum;+smc
p;"
. and font adjustment code:
. 
. 
. * 'italic' with NFSS spec.:
. <->"[LinLibertine_RI.otf]:mode=node;script=latn;language=DFLT;+tnum;+lnum;"
. 
. * 'small caps' with NFSS spec.:
. 
. <->"[LinLibertine_RI.otf]:mode=node;script=latn;language=DFLT;+tnum;+lnum;+smc
p;"
. and font adjustment code:
. 
. 
. * 'bold italic' with NFSS spec.:
. 
. <->"[LinLibertine_RBI.otf]:mode=node;script=latn;language=DFLT;+tnum;+lnum;"
. 
. * 'bold small caps' with NFSS spec.:
. 
. <->"[LinLibertine_RBI.otf]:mode=node;script=latn;language=DFLT;+tnum;+lnum;+sm
cp;"
. and font adjustment code:
. 
.................................................
luaotfload | load : path lookup of "LinLibertine_R.otf" unsuccessful, falling ba
ck to file:
luaotfload | load : path lookup of "LinLibertine_R.otf" unsuccessful, falling ba
ck to file:
luaotfload | load : path lookup of "LinLibertine_R.otf" unsuccessful, falling ba
ck to file:
luaotfload | load : path lookup of "LinLibertine_R.otf" unsuccessful, falling ba
ck to file:
luaotfload | load : path lookup of "LinLibertine_RB.otf" unsuccessful, falling b
ack to file:
luaotfload | load : path lookup of "LinLibertine_RB.otf" unsuccessful, falling b
ack to file:
luaotfload | load : path lookup of "LinLibertine_RI.otf" unsuccessful, falling b
ack to file:
luaotfload | load : path lookup of "LinLibertine_RI.otf" unsuccessful, falling b
ack to file:
luaotfload | load : path lookup of "LinLibertine_RBI.otf" unsuccessful, falling 
back to file:
luaotfload | load : path lookup of "LinLibertine_RBI.otf" unsuccessful, falling 
back to file:
.................................................
. fontspec info: "defining-font"
. 
. Font family 'LinLibertine(8)' created for font 'LinLibertine' with options
. [Extension = .otf,Numbers = {Proportional,Lining},UprightFont =
. *_R,ItalicFont = *_RI,BoldFont = *_RB,BoldItalicFont = *_RBI].
. 
. This font family consists of the following shapes:
. 
. * 'normal' with NFSS spec.:
. <->"[LinLibertine_R.otf]:mode=node;script=latn;language=DFLT;+pnum;+lnum;"
. 
. * 'small caps' with NFSS spec.:
. 
. <->"[LinLibertine_R.otf]:mode=node;script=latn;language=DFLT;+pnum;+lnum;+smcp
;"
. and font adjustment code:
. 
. 
. * 'bold' with NFSS spec.:
. <->"[LinLibertine_RB.otf]:mode=node;script=latn;language=DFLT;+pnum;+lnum;"
. 
. * 'bold small caps' with NFSS spec.:
. 
. <->"[LinLibertine_RB.otf]:mode=node;script=latn;language=DFLT;+pnum;+lnum;+smc
p;"
. and font adjustment code:
. 
. 
. * 'italic' with NFSS spec.:
. <->"[LinLibertine_RI.otf]:mode=node;script=latn;language=DFLT;+pnum;+lnum;"
. 
. * 'small caps' with NFSS spec.:
. 
. <->"[LinLibertine_RI.otf]:mode=node;script=latn;language=DFLT;+pnum;+lnum;+smc
p;"
. and font adjustment code:
. 
. 
. * 'bold italic' with NFSS spec.:
. 
. <->"[LinLibertine_RBI.otf]:mode=node;script=latn;language=DFLT;+pnum;+lnum;"
. 
. * 'bold small caps' with NFSS spec.:
. 
. <->"[LinLibertine_RBI.otf]:mode=node;script=latn;language=DFLT;+pnum;+lnum;+sm
cp;"
. and font adjustment code:
. 
.................................................
luaotfload | load : path lookup of "LinBiolinum_R.otf" unsuccessful, falling bac
k to file:
luaotfload | load : path lookup of "LinBiolinum_R.otf" unsuccessful, falling bac
k to file:
luaotfload | load : path lookup of "LinBiolinum_R.otf" unsuccessful, falling bac
k to file:
luaotfload | load : path lookup of "LinBiolinum_R.otf" unsuccessful, falling bac
k to file:
luaotfload | load : path lookup of "LinBiolinum_RB.otf" unsuccessful, falling ba
ck to file:
luaotfload | load : path lookup of "LinBiolinum_RB.otf" unsuccessful, falling ba
ck to file:
luaotfload | load : path lookup of "LinBiolinum_RI.otf" unsuccessful, falling ba
ck to file:
luaotfload | load : path lookup of "LinBiolinum_RI.otf" unsuccessful, falling ba
ck to file:
luaotfload | load : path lookup of "LinBiolinum_RBO.otf" unsuccessful, falling b
ack to file:
luaotfload | load : path lookup of "LinBiolinum_RBO.otf" unsuccessful, falling b
ack to file:
.................................................
. fontspec info: "defining-font"
. 
. Font family 'LinBiolinum(4)' created for font 'LinBiolinum' with options
. [Extension = .otf,Numbers = {Monospaced,},Scale = 1,UprightFont =
. *_R,ItalicFont = *_RI,BoldFont = *_RB,BoldItalicFont = *_RBO].
. 
. This font family consists of the following shapes:
. 
. * 'normal' with NFSS spec.:
. <->s*[1]"[LinBiolinum_R.otf]:mode=node;script=latn;language=DFLT;+tnum;"
. 
. * 'small caps' with NFSS spec.:
. 
. <->s*[1]"[LinBiolinum_R.otf]:mode=node;script=latn;language=DFLT;+tnum;+smcp;"

. and font adjustment code:
. 
. 
. * 'bold' with NFSS spec.:
. <->s*[1]"[LinBiolinum_RB.otf]:mode=node;script=latn;language=DFLT;+tnum;"
. 
. * 'bold small caps' with NFSS spec.:
. 
. <->s*[1]"[LinBiolinum_RB.otf]:mode=node;script=latn;language=DFLT;+tnum;+smcp;
"
. and font adjustment code:
. 
. 
. * 'italic' with NFSS spec.:
. <->s*[1]"[LinBiolinum_RI.otf]:mode=node;script=latn;language=DFLT;+tnum;"
. 
. * 'small caps' with NFSS spec.:
. 
. <->s*[1]"[LinBiolinum_RI.otf]:mode=node;script=latn;language=DFLT;+tnum;+smcp;
"
. and font adjustment code:
. 
. 
. * 'bold italic' with NFSS spec.:
. <->s*[1]"[LinBiolinum_RBO.otf]:mode=node;script=latn;language=DFLT;+tnum;"
. 
. * 'bold small caps' with NFSS spec.:
. 
. <->s*[1]"[LinBiolinum_RBO.otf]:mode=node;script=latn;language=DFLT;+tnum;+smcp
;"
. and font adjustment code:
. 
.................................................
luaotfload | load : path lookup of "LinBiolinum_R.otf" unsuccessful, falling bac
k to file:
luaotfload | load : path lookup of "LinBiolinum_R.otf" unsuccessful, falling bac
k to file:
luaotfload | load : path lookup of "LinBiolinum_R.otf" unsuccessful, falling bac
k to file:
luaotfload | load : path lookup of "LinBiolinum_R.otf" unsuccessful, falling bac
k to file:
luaotfload | load : path lookup of "LinBiolinum_RB.otf" unsuccessful, falling ba
ck to file:
luaotfload | load : path lookup of "LinBiolinum_RB.otf" unsuccessful, falling ba
ck to file:
luaotfload | load : path lookup of "LinBiolinum_RI.otf" unsuccessful, falling ba
ck to file:
luaotfload | load : path lookup of "LinBiolinum_RI.otf" unsuccessful, falling ba
ck to file:
luaotfload | load : path lookup of "LinBiolinum_RBO.otf" unsuccessful, falling b
ack to file:
luaotfload | load : path lookup of "LinBiolinum_RBO.otf" unsuccessful, falling b
ack to file:
.................................................
. fontspec info: "defining-font"
. 
. Font family 'LinBiolinum(5)' created for font 'LinBiolinum' with options
. [Extension = .otf,Numbers = {Proportional,},Scale = 1,UprightFont =
. *_R,ItalicFont = *_RI,BoldFont = *_RB,BoldItalicFont = *_RBO].
. 
. This font family consists of the following shapes:
. 
. * 'normal' with NFSS spec.:
. <->s*[1]"[LinBiolinum_R.otf]:mode=node;script=latn;language=DFLT;+pnum;"
. 
. * 'small caps' with NFSS spec.:
. 
. <->s*[1]"[LinBiolinum_R.otf]:mode=node;script=latn;language=DFLT;+pnum;+smcp;"

. and font adjustment code:
. 
. 
. * 'bold' with NFSS spec.:
. <->s*[1]"[LinBiolinum_RB.otf]:mode=node;script=latn;language=DFLT;+pnum;"
. 
. * 'bold small caps' with NFSS spec.:
. 
. <->s*[1]"[LinBiolinum_RB.otf]:mode=node;script=latn;language=DFLT;+pnum;+smcp;
"
. and font adjustment code:
. 
. 
. * 'italic' with NFSS spec.:
. <->s*[1]"[LinBiolinum_RI.otf]:mode=node;script=latn;language=DFLT;+pnum;"
. 
. * 'small caps' with NFSS spec.:
. 
. <->s*[1]"[LinBiolinum_RI.otf]:mode=node;script=latn;language=DFLT;+pnum;+smcp;
"
. and font adjustment code:
. 
. 
. * 'bold italic' with NFSS spec.:
. <->s*[1]"[LinBiolinum_RBO.otf]:mode=node;script=latn;language=DFLT;+pnum;"
. 
. * 'bold small caps' with NFSS spec.:
. 
. <->s*[1]"[LinBiolinum_RBO.otf]:mode=node;script=latn;language=DFLT;+pnum;+smcp
;"
. and font adjustment code:
. 
.................................................

(/usr/share/texlive/texmf-dist/tex/latex/libertine/LinLibertine_R.tex)
(/usr/share/texlive/texmf-dist/tex/latex/libertine/LinBiolinum_R.tex)
(/usr/share/texlive/texmf-dist/tex/latex/libertine/LinBiolinum_K.tex)
(/usr/share/texlive/texmf-dist/tex/latex/libertine/LinLibertine_I.tex)
(/usr/share/texlive/texmf-dist/tex/latex/libertine/LKey.tex)) (./diesirae.aux)
LaTeX Font Info:    Checking defaults for OML/cmm/m/it on input line 8.
LaTeX Font Info:    ... okay on input line 8.
LaTeX Font Info:    Checking defaults for T1/cmr/m/n on input line 8.
LaTeX Font Info:    ... okay on input line 8.
LaTeX Font Info:    Checking defaults for OT1/cmr/m/n on input line 8.
LaTeX Font Info:    ... okay on input line 8.
LaTeX Font Info:    Checking defaults for OMS/cmsy/m/n on input line 8.
LaTeX Font Info:    ... okay on input line 8.
LaTeX Font Info:    Checking defaults for OMX/cmex/m/n on input line 8.
LaTeX Font Info:    ... okay on input line 8.
LaTeX Font Info:    Checking defaults for U/cmr/m/n on input line 8.
LaTeX Font Info:    ... okay on input line 8.
LaTeX Font Info:    Checking defaults for TS1/cmr/m/n on input line 8.
LaTeX Font Info:    Try loading font information for TS1+cmr on input line 8.

(/usr/share/texlive/texmf-dist/tex/latex/base/ts1cmr.fd
File: ts1cmr.fd 2014/09/29 v2.5h Standard LaTeX font definitions
)
LaTeX Font Info:    ... okay on input line 8.
LaTeX Font Info:    Checking defaults for EU2/lmr/m/n on input line 8.
LaTeX Font Info:    ... okay on input line 8.
LaTeX Font Info:    Checking defaults for T3/cmr/m/n on input line 8.
LaTeX Font Info:    Try loading font information for T3+cmr on input line 8.

(/usr/share/texmf/tex/latex/tipa/t3cmr.fd
File: t3cmr.fd 2001/12/31 TIPA font definitions
)
LaTeX Font Info:    ... okay on input line 8.

(/usr/share/texlive/texmf-dist/tex/context/base/supp-pdf.mkii
[Loading MPS to PDF converter (version 2006.09.02).]
\scratchcounter=\count293
\scratchdimen=\dimen261
\scratchbox=\box256
\nofMPsegments=\count294
\nofMParguments=\count295
\everyMPshowfont=\toks20
\MPscratchCnt=\count296
\MPscratchDim=\dimen262
\MPnumerator=\count297
\makeMPintoPDFobject=\count298
\everyMPtoPDFconversion=\toks21
) (/usr/share/texlive/texmf-dist/tex/latex/oberdiek/epstopdf-base.sty
Package: epstopdf-base 2010/02/09 v2.5 Base part for package epstopdf

(/usr/share/texlive/texmf-dist/tex/latex/oberdiek/grfext.sty
Package: grfext 2010/08/19 v1.1 Manage graphics extensions (HO)

(/usr/share/texlive/texmf-dist/tex/generic/oberdiek/kvdefinekeys.sty
Package: kvdefinekeys 2011/04/07 v1.3 Define keys (HO)
))
(/usr/share/texlive/texmf-dist/tex/latex/oberdiek/kvoptions.sty
Package: kvoptions 2011/06/30 v3.11 Key value format for package options (HO)

(/usr/share/texlive/texmf-dist/tex/generic/oberdiek/kvsetkeys.sty
Package: kvsetkeys 2012/04/25 v1.16 Key value parser (HO)

(/usr/share/texlive/texmf-dist/tex/generic/oberdiek/etexcmds.sty
Package: etexcmds 2011/02/16 v1.5 Avoid name clashes with e-TeX commands (HO)
)))
Package grfext Info: Graphics extension search list:
(grfext)             [.png,.pdf,.jpg,.mps,.jpeg,.jbig2,.jb2,.PNG,.PDF,.JPG,.JPEG
,.JBIG2,.JB2,.eps]
(grfext)             \AppendGraphicsExtensions on input line 452.

(/usr/share/texlive/texmf-dist/tex/latex/latexconfig/epstopdf-sys.cfg
File: epstopdf-sys.cfg 2010/07/13 v1.3 Configuration of (r)epstopdf for TeX Live

))
.................................................
. fontspec info: "setup-math"
. 
. Adjusting the maths setup (use [no-math] to avoid this).
.................................................
\symlegacymaths=\mathgroup6
LaTeX Font Info:    Overwriting symbol font `legacymaths' in version `bold'
(Font)                  OT1/cmr/m/n --> OT1/cmr/bx/n on input line 8.
LaTeX Font Info:    Redeclaring math accent \acute on input line 8.
LaTeX Font Info:    Redeclaring math accent \grave on input line 8.
LaTeX Font Info:    Redeclaring math accent \ddot on input line 8.
LaTeX Font Info:    Redeclaring math accent \tilde on input line 8.
LaTeX Font Info:    Redeclaring math accent \bar on input line 8.
LaTeX Font Info:    Redeclaring math accent \breve on input line 8.
LaTeX Font Info:    Redeclaring math accent \check on input line 8.
LaTeX Font Info:    Redeclaring math accent \hat on input line 8.
LaTeX Font Info:    Redeclaring math accent \dot on input line 8.
LaTeX Font Info:    Redeclaring math accent \mathring on input line 8.
LaTeX Font Info:    Redeclaring math symbol \colon on input line 8.
LaTeX Font Info:    Redeclaring math symbol \Gamma on input line 8.
LaTeX Font Info:    Redeclaring math symbol \Delta on input line 8.
LaTeX Font Info:    Redeclaring math symbol \Theta on input line 8.
LaTeX Font Info:    Redeclaring math symbol \Lambda on input line 8.
LaTeX Font Info:    Redeclaring math symbol \Xi on input line 8.
LaTeX Font Info:    Redeclaring math symbol \Pi on input line 8.
LaTeX Font Info:    Redeclaring math symbol \Sigma on input line 8.
LaTeX Font Info:    Redeclaring math symbol \Upsilon on input line 8.
LaTeX Font Info:    Redeclaring math symbol \Phi on input line 8.
LaTeX Font Info:    Redeclaring math symbol \Psi on input line 8.
LaTeX Font Info:    Redeclaring math symbol \Omega on input line 8.
LaTeX Font Info:    Redeclaring math symbol \mathdollar on input line 8.
LaTeX Font Info:    Redeclaring symbol font `operators' on input line 8.
LaTeX Font Info:    Encoding `OT1' has changed to `EU2' for symbol font
(Font)              `operators' in the math version `normal' on input line 8.
LaTeX Font Info:    Overwriting symbol font `operators' in version `normal'
(Font)                  OT1/cmr/m/n --> EU2/LinLibertine(0)/m/n on input line 8.

LaTeX Font Info:    Encoding `OT1' has changed to `EU2' for symbol font
(Font)              `operators' in the math version `bold' on input line 8.
LaTeX Font Info:    Overwriting symbol font `operators' in version `bold'
(Font)                  OT1/cmr/bx/n --> EU2/LinLibertine(0)/m/n on input line 8
.
LaTeX Font Info:    Overwriting symbol font `operators' in version `normal'
(Font)                  EU2/LinLibertine(0)/m/n --> EU2/LinLibertine(0)/m/n on i
nput line 8.
LaTeX Font Info:    Overwriting math alphabet `\mathit' in version `normal'
(Font)                  OT1/cmr/m/it --> EU2/LinLibertine(0)/m/it on input line 
8.
LaTeX Font Info:    Overwriting math alphabet `\mathbf' in version `normal'
(Font)                  OT1/cmr/bx/n --> EU2/LinLibertine(0)/bx/n on input line 
8.
LaTeX Font Info:    Overwriting math alphabet `\mathsf' in version `normal'
(Font)                  OT1/cmss/m/n --> EU2/LinBiolinum(0)/m/n on input line 8.

LaTeX Font Info:    Overwriting math alphabet `\mathtt' in version `normal'
(Font)                  OT1/cmtt/m/n --> EU2/LinLibertine(5)/m/n on input line 8
.
LaTeX Font Info:    Overwriting symbol font `operators' in version `bold'
(Font)                  EU2/LinLibertine(0)/m/n --> EU2/LinLibertine(0)/bx/n on 
input line 8.
LaTeX Font Info:    Overwriting math alphabet `\mathit' in version `bold'
(Font)                  OT1/cmr/bx/it --> EU2/LinLibertine(0)/bx/it on input lin
e 8.
LaTeX Font Info:    Overwriting math alphabet `\mathsf' in version `bold'
(Font)                  OT1/cmss/bx/n --> EU2/LinBiolinum(0)/bx/n on input line 
8.
LaTeX Font Info:    Overwriting math alphabet `\mathtt' in version `bold'
(Font)                  OT1/cmtt/m/n --> EU2/LinLibertine(5)/bx/n on input line 
8.
luaotfload | load : path lookup of "LinLibertine_R.otf" unsuccessful, falling ba
ck to file:
luaotfload | load : path lookup of "LinLibertine_R.otf" unsuccessful, falling ba
ck to file:
LaTeX Font Info:    Font shape `EU2/LinBiolinum(0)/m/n' will be
(Font)              scaled to size 12.0pt on input line 18.
luaotfload | load : path lookup of "LinBiolinum_R.otf" unsuccessful, falling bac
k to file:
LaTeX Font Info:    Font shape `EU2/LinBiolinum(0)/m/n' will be
(Font)              scaled to size 8.0pt on input line 18.
luaotfload | load : path lookup of "LinBiolinum_R.otf" unsuccessful, falling bac
k to file:
luaotfload | load : path lookup of "LinLibertine_RB.otf" unsuccessful, falling b
ack to file:
[1

{/var/lib/texmf/fonts/map/pdftex/updmap/pdftex.map}] [2] (./diesirae.aux))

Here is how much of LuaTeX's memory you used:
 25631 strings out of 494474
 100000,552014 words of node,token memory allocated
 311 words of node memory still in use:
   3 hlist, 1 vlist, 1 rule, 2 glue, 1 kern, 4 attribute, 44 glue_spec, 4 attrib
ute_list, 1 write nodes
   avail lists: 2:5217,3:12,4:4181,5:916,6:636,7:931,9:2066,10:27
 28152 multiletter control sequences out of 65536+600000
 44 fonts using 8421343 bytes
 62i,9n,63p,459b,226s stack positions out of 5000i,500n,10000p,200000b,100000s
</usr/share/fonts/opentype/linux-libertine/LinLibertine_RB.otf></usr/share/fonts
/opentype/linux-libertine/LinBiolinum_R.otf></usr/share/fonts/opentype/linux-lib
ertine/LinLibertine_R.otf>
Output written on diesirae.pdf (2 pages, 29895 bytes).

PDF statistics: 32 PDF objects out of 1000 (max. 8388607)
 18 compressed objects within 1 object stream
 0 named destinations out of 1000 (max. 131072)
 1 words of extra memory for PDF output out of 10000 (max. 10000000)

